<?xml version="1.0" encoding="UTF-8"?>
<testsuite xmlns:xsi="http://www.w3.org/2001/XMLSchema-instance" xsi:noNamespaceSchemaLocation="https://maven.apache.org/surefire/maven-surefire-plugin/xsd/surefire-test-report.xsd" name="br.pucminas.api.SicadeApplicationTests" time="2.148" tests="1" errors="1" skipped="0" failures="0">
  <properties>
[...]
</properties>
  <testcase name="contextLoads" classname="br.pucminas.api.SicadeApplicationTests" time="0.001">
    <error message="Failed to load ApplicationContext" type="java.lang.IllegalStateException">java.lang.IllegalStateException: Failed to load ApplicationContext
Caused by: org.springframework.beans.factory.BeanCreationException: Error creating bean with name 'flywayInitializer' defined in class path resource [org/springframework/boot/autoconfigure/flyway/FlywayAutoConfiguration$FlywayConfiguration.class]: Invocation of init method failed; nested exception is org.flywaydb.core.api.FlywayException: Found non-empty schema(s) "public" without schema history table! Use baseline() or set baselineOnMigrate to true to initialize the schema history table.
Caused by: org.flywaydb.core.api.FlywayException: Found non-empty schema(s) "public" without schema history table! Use baseline() or set baselineOnMigrate to true to initialize the schema history table.
</error>
    <system-out><![CDATA[01:17:13.494 [main] DEBUG org.springframework.test.context.junit4.SpringJUnit4ClassRunner - SpringJUnit4ClassRunner constructor called with [class br.pucminas.api.SicadeApplicationTests]
01:17:13.499 [main] DEBUG org.springframework.test.context.BootstrapUtils - Instantiating CacheAwareContextLoaderDelegate from class [org.springframework.test.context.cache.DefaultCacheAwareContextLoaderDelegate]
01:17:13.504 [main] DEBUG org.springframework.test.context.BootstrapUtils - Instantiating BootstrapContext using constructor [public org.springframework.test.context.support.DefaultBootstrapContext(java.lang.Class,org.springframework.test.context.CacheAwareContextLoaderDelegate)]
01:17:13.517 [main] DEBUG org.springframework.test.context.BootstrapUtils - Instantiating TestContextBootstrapper for test class [br.pucminas.api.SicadeApplicationTests] from class [org.springframework.boot.test.context.SpringBootTestContextBootstrapper]
01:17:13.526 [main] INFO org.springframework.boot.test.context.SpringBootTestContextBootstrapper - Neither @ContextConfiguration nor @ContextHierarchy found for test class [br.pucminas.api.SicadeApplicationTests], using SpringBootContextLoader
01:17:13.529 [main] DEBUG org.springframework.test.context.support.AbstractContextLoader - Did not detect default resource location for test class [br.pucminas.api.SicadeApplicationTests]: class path resource [br/pucminas/api/SicadeApplicationTests-context.xml] does not exist
01:17:13.529 [main] DEBUG org.springframework.test.context.support.AbstractContextLoader - Did not detect default resource location for test class [br.pucminas.api.SicadeApplicationTests]: class path resource [br/pucminas/api/SicadeApplicationTestsContext.groovy] does not exist
01:17:13.529 [main] INFO org.springframework.test.context.support.AbstractContextLoader - Could not detect default resource locations for test class [br.pucminas.api.SicadeApplicationTests]: no resource found for suffixes {-context.xml, Context.groovy}.
01:17:13.530 [main] INFO org.springframework.test.context.support.AnnotationConfigContextLoaderUtils - Could not detect default configuration classes for test class [br.pucminas.api.SicadeApplicationTests]: SicadeApplicationTests does not declare any static, non-private, non-final, nested classes annotated with @Configuration.
01:17:13.556 [main] DEBUG org.springframework.test.context.support.ActiveProfilesUtils - Could not find an 'annotation declaring class' for annotation type [org.springframework.test.context.ActiveProfiles] and class [br.pucminas.api.SicadeApplicationTests]
01:17:13.561 [main] DEBUG org.springframework.core.env.StandardEnvironment - Adding PropertySource 'systemProperties' with lowest search precedence
01:17:13.561 [main] DEBUG org.springframework.core.env.StandardEnvironment - Adding PropertySource 'systemEnvironment' with lowest search precedence
01:17:13.562 [main] DEBUG org.springframework.core.env.StandardEnvironment - Initialized StandardEnvironment with PropertySources [MapPropertySource@1392906938 {name='systemProperties', properties={java.runtime.name=Java(TM) SE Runtime Environment, awt.useSystemAAFontSettings=gasp, sun.boot.library.path=/usr/lib/jvm/java-8-oracle/jre/lib/amd64, java.vm.version=25.144-b01, java.vm.vendor=Oracle Corporation, java.vendor.url=http://java.oracle.com/, path.separator=:, java.vm.name=Java HotSpot(TM) 64-Bit Server VM, file.encoding.pkg=sun.io, user.country=US, sun.java.launcher=SUN_STANDARD, sun.os.patch.level=unknown, java.vm.specification.name=Java Virtual Machine Specification, user.dir=/home/silvestresilva/dev/src/conexus, java.runtime.version=1.8.0_144-b01, basedir=/home/silvestresilva/dev/src/conexus, java.awt.graphicsenv=sun.awt.X11GraphicsEnvironment, java.endorsed.dirs=/usr/lib/jvm/java-8-oracle/jre/lib/endorsed, os.arch=amd64, surefire.real.class.path=/home/silvestresilva/dev/src/conexus/target/surefire/surefirebooter129213975308570038.jar, java.io.tmpdir=/tmp, line.separator=
, java.vm.specification.vendor=Oracle Corporation, os.name=Linux, sun.jnu.encoding=UTF-8, java.library.path=/usr/java/packages/lib/amd64:/usr/lib64:/lib64:/lib:/usr/lib, surefire.test.class.path=/home/silvestresilva/dev/src/conexus/target/test-classes:/home/silvestresilva/dev/src/conexus/target/classes:/home/silvestresilva/.m2/repository/org/springframework/boot/spring-boot-starter-data-jpa/2.0.4.RELEASE/spring-boot-starter-data-jpa-2.0.4.RELEASE.jar:/home/silvestresilva/.m2/repository/org/springframework/boot/spring-boot-starter/2.0.4.RELEASE/spring-boot-starter-2.0.4.RELEASE.jar:/home/silvestresilva/.m2/repository/org/springframework/boot/spring-boot-starter-logging/2.0.4.RELEASE/spring-boot-starter-logging-2.0.4.RELEASE.jar:/home/silvestresilva/.m2/repository/ch/qos/logback/logback-classic/1.2.3/logback-classic-1.2.3.jar:/home/silvestresilva/.m2/repository/ch/qos/logback/logback-core/1.2.3/logback-core-1.2.3.jar:/home/silvestresilva/.m2/repository/org/apache/logging/log4j/log4j-to-slf4j/2.10.0/log4j-to-slf4j-2.10.0.jar:/home/silvestresilva/.m2/repository/org/apache/logging/log4j/log4j-api/2.10.0/log4j-api-2.10.0.jar:/home/silvestresilva/.m2/repository/org/slf4j/jul-to-slf4j/1.7.25/jul-to-slf4j-1.7.25.jar:/home/silvestresilva/.m2/repository/javax/annotation/javax.annotation-api/1.3.2/javax.annotation-api-1.3.2.jar:/home/silvestresilva/.m2/repository/org/yaml/snakeyaml/1.19/snakeyaml-1.19.jar:/home/silvestresilva/.m2/repository/org/springframework/boot/spring-boot-starter-aop/2.0.4.RELEASE/spring-boot-starter-aop-2.0.4.RELEASE.jar:/home/silvestresilva/.m2/repository/org/aspectj/aspectjweaver/1.8.13/aspectjweaver-1.8.13.jar:/home/silvestresilva/.m2/repository/org/springframework/boot/spring-boot-starter-jdbc/2.0.4.RELEASE/spring-boot-starter-jdbc-2.0.4.RELEASE.jar:/home/silvestresilva/.m2/repository/com/zaxxer/HikariCP/2.7.9/HikariCP-2.7.9.jar:/home/silvestresilva/.m2/repository/org/springframework/spring-jdbc/5.0.8.RELEASE/spring-jdbc-5.0.8.RELEASE.jar:/home/silvestresilva/.m2/repository/org/hibernate/hibernate-core/5.2.17.Final/hibernate-core-5.2.17.Final.jar:/home/silvestresilva/.m2/repository/org/jboss/logging/jboss-logging/3.3.2.Final/jboss-logging-3.3.2.Final.jar:/home/silvestresilva/.m2/repository/org/hibernate/javax/persistence/hibernate-jpa-2.1-api/1.0.2.Final/hibernate-jpa-2.1-api-1.0.2.Final.jar:/home/silvestresilva/.m2/repository/org/javassist/javassist/3.22.0-GA/javassist-3.22.0-GA.jar:/home/silvestresilva/.m2/repository/antlr/antlr/2.7.7/antlr-2.7.7.jar:/home/silvestresilva/.m2/repository/org/jboss/jandex/2.0.3.Final/jandex-2.0.3.Final.jar:/home/silvestresilva/.m2/repository/dom4j/dom4j/1.6.1/dom4j-1.6.1.jar:/home/silvestresilva/.m2/repository/org/hibernate/common/hibernate-commons-annotations/5.0.1.Final/hibernate-commons-annotations-5.0.1.Final.jar:/home/silvestresilva/.m2/repository/javax/transaction/javax.transaction-api/1.2/javax.transaction-api-1.2.jar:/home/silvestresilva/.m2/repository/org/springframework/data/spring-data-jpa/2.0.9.RELEASE/spring-data-jpa-2.0.9.RELEASE.jar:/home/silvestresilva/.m2/repository/org/springframework/data/spring-data-commons/2.0.9.RELEASE/spring-data-commons-2.0.9.RELEASE.jar:/home/silvestresilva/.m2/repository/org/springframework/spring-orm/5.0.8.RELEASE/spring-orm-5.0.8.RELEASE.jar:/home/silvestresilva/.m2/repository/org/springframework/spring-context/5.0.8.RELEASE/spring-context-5.0.8.RELEASE.jar:/home/silvestresilva/.m2/repository/org/springframework/spring-tx/5.0.8.RELEASE/spring-tx-5.0.8.RELEASE.jar:/home/silvestresilva/.m2/repository/org/springframework/spring-beans/5.0.8.RELEASE/spring-beans-5.0.8.RELEASE.jar:/home/silvestresilva/.m2/repository/org/springframework/spring-aspects/5.0.8.RELEASE/spring-aspects-5.0.8.RELEASE.jar:/home/silvestresilva/.m2/repository/org/springframework/boot/spring-boot-starter-security/2.0.4.RELEASE/spring-boot-starter-security-2.0.4.RELEASE.jar:/home/silvestresilva/.m2/repository/org/springframework/spring-aop/5.0.8.RELEASE/spring-aop-5.0.8.RELEASE.jar:/home/silvestresilva/.m2/repository/org/springframework/security/spring-security-config/5.0.7.RELEASE/spring-security-config-5.0.7.RELEASE.jar:/home/silvestresilva/.m2/repository/org/springframework/security/spring-security-web/5.0.7.RELEASE/spring-security-web-5.0.7.RELEASE.jar:/home/silvestresilva/.m2/repository/org/springframework/spring-expression/5.0.8.RELEASE/spring-expression-5.0.8.RELEASE.jar:/home/silvestresilva/.m2/repository/org/springframework/boot/spring-boot-starter-web/2.0.4.RELEASE/spring-boot-starter-web-2.0.4.RELEASE.jar:/home/silvestresilva/.m2/repository/org/springframework/boot/spring-boot-starter-json/2.0.4.RELEASE/spring-boot-starter-json-2.0.4.RELEASE.jar:/home/silvestresilva/.m2/repository/com/fasterxml/jackson/datatype/jackson-datatype-jdk8/2.9.6/jackson-datatype-jdk8-2.9.6.jar:/home/silvestresilva/.m2/repository/com/fasterxml/jackson/datatype/jackson-datatype-jsr310/2.9.6/jackson-datatype-jsr310-2.9.6.jar:/home/silvestresilva/.m2/repository/com/fasterxml/jackson/module/jackson-module-parameter-names/2.9.6/jackson-module-parameter-names-2.9.6.jar:/home/silvestresilva/.m2/repository/org/springframework/boot/spring-boot-starter-tomcat/2.0.4.RELEASE/spring-boot-starter-tomcat-2.0.4.RELEASE.jar:/home/silvestresilva/.m2/repository/org/apache/tomcat/embed/tomcat-embed-core/8.5.32/tomcat-embed-core-8.5.32.jar:/home/silvestresilva/.m2/repository/org/apache/tomcat/embed/tomcat-embed-el/8.5.32/tomcat-embed-el-8.5.32.jar:/home/silvestresilva/.m2/repository/org/apache/tomcat/embed/tomcat-embed-websocket/8.5.32/tomcat-embed-websocket-8.5.32.jar:/home/silvestresilva/.m2/repository/org/hibernate/validator/hibernate-validator/6.0.11.Final/hibernate-validator-6.0.11.Final.jar:/home/silvestresilva/.m2/repository/javax/validation/validation-api/2.0.1.Final/validation-api-2.0.1.Final.jar:/home/silvestresilva/.m2/repository/org/springframework/spring-web/5.0.8.RELEASE/spring-web-5.0.8.RELEASE.jar:/home/silvestresilva/.m2/repository/org/springframework/spring-webmvc/5.0.8.RELEASE/spring-webmvc-5.0.8.RELEASE.jar:/home/silvestresilva/.m2/repository/org/flywaydb/flyway-core/5.0.7/flyway-core-5.0.7.jar:/home/silvestresilva/.m2/repository/org/springframework/boot/spring-boot-devtools/2.0.4.RELEASE/spring-boot-devtools-2.0.4.RELEASE.jar:/home/silvestresilva/.m2/repository/org/springframework/boot/spring-boot/2.0.4.RELEASE/spring-boot-2.0.4.RELEASE.jar:/home/silvestresilva/.m2/repository/org/springframework/boot/spring-boot-autoconfigure/2.0.4.RELEASE/spring-boot-autoconfigure-2.0.4.RELEASE.jar:/home/silvestresilva/.m2/repository/com/h2database/h2/1.4.197/h2-1.4.197.jar:/home/silvestresilva/.m2/repository/org/postgresql/postgresql/42.2.4/postgresql-42.2.4.jar:/home/silvestresilva/.m2/repository/org/springframework/boot/spring-boot-starter-test/2.0.4.RELEASE/spring-boot-starter-test-2.0.4.RELEASE.jar:/home/silvestresilva/.m2/repository/org/springframework/boot/spring-boot-test/2.0.4.RELEASE/spring-boot-test-2.0.4.RELEASE.jar:/home/silvestresilva/.m2/repository/org/springframework/boot/spring-boot-test-autoconfigure/2.0.4.RELEASE/spring-boot-test-autoconfigure-2.0.4.RELEASE.jar:/home/silvestresilva/.m2/repository/com/jayway/jsonpath/json-path/2.4.0/json-path-2.4.0.jar:/home/silvestresilva/.m2/repository/net/minidev/json-smart/2.3/json-smart-2.3.jar:/home/silvestresilva/.m2/repository/net/minidev/accessors-smart/1.2/accessors-smart-1.2.jar:/home/silvestresilva/.m2/repository/org/ow2/asm/asm/5.0.4/asm-5.0.4.jar:/home/silvestresilva/.m2/repository/junit/junit/4.12/junit-4.12.jar:/home/silvestresilva/.m2/repository/org/assertj/assertj-core/3.9.1/assertj-core-3.9.1.jar:/home/silvestresilva/.m2/repository/org/mockito/mockito-core/2.15.0/mockito-core-2.15.0.jar:/home/silvestresilva/.m2/repository/net/bytebuddy/byte-buddy/1.7.11/byte-buddy-1.7.11.jar:/home/silvestresilva/.m2/repository/net/bytebuddy/byte-buddy-agent/1.7.11/byte-buddy-agent-1.7.11.jar:/home/silvestresilva/.m2/repository/org/objenesis/objenesis/2.6/objenesis-2.6.jar:/home/silvestresilva/.m2/repository/org/hamcrest/hamcrest-core/1.3/hamcrest-core-1.3.jar:/home/silvestresilva/.m2/repository/org/hamcrest/hamcrest-library/1.3/hamcrest-library-1.3.jar:/home/silvestresilva/.m2/repository/org/skyscreamer/jsonassert/1.5.0/jsonassert-1.5.0.jar:/home/silvestresilva/.m2/repository/com/vaadin/external/google/android-json/0.0.20131108.vaadin1/android-json-0.0.20131108.vaadin1.jar:/home/silvestresilva/.m2/repository/org/springframework/spring-core/5.0.8.RELEASE/spring-core-5.0.8.RELEASE.jar:/home/silvestresilva/.m2/repository/org/springframework/spring-jcl/5.0.8.RELEASE/spring-jcl-5.0.8.RELEASE.jar:/home/silvestresilva/.m2/repository/org/springframework/spring-test/5.0.8.RELEASE/spring-test-5.0.8.RELEASE.jar:/home/silvestresilva/.m2/repository/org/xmlunit/xmlunit-core/2.5.1/xmlunit-core-2.5.1.jar:/home/silvestresilva/.m2/repository/org/springframework/security/spring-security-test/5.0.7.RELEASE/spring-security-test-5.0.7.RELEASE.jar:/home/silvestresilva/.m2/repository/org/springframework/security/spring-security-core/5.0.7.RELEASE/spring-security-core-5.0.7.RELEASE.jar:/home/silvestresilva/.m2/repository/io/springfox/springfox-swagger2/2.6.1/springfox-swagger2-2.6.1.jar:/home/silvestresilva/.m2/repository/io/swagger/swagger-annotations/1.5.10/swagger-annotations-1.5.10.jar:/home/silvestresilva/.m2/repository/io/swagger/swagger-models/1.5.10/swagger-models-1.5.10.jar:/home/silvestresilva/.m2/repository/com/fasterxml/jackson/core/jackson-annotations/2.9.0/jackson-annotations-2.9.0.jar:/home/silvestresilva/.m2/repository/io/springfox/springfox-spi/2.6.1/springfox-spi-2.6.1.jar:/home/silvestresilva/.m2/repository/io/springfox/springfox-core/2.6.1/springfox-core-2.6.1.jar:/home/silvestresilva/.m2/repository/io/springfox/springfox-schema/2.6.1/springfox-schema-2.6.1.jar:/home/silvestresilva/.m2/repository/io/springfox/springfox-swagger-common/2.6.1/springfox-swagger-common-2.6.1.jar:/home/silvestresilva/.m2/repository/io/springfox/springfox-spring-web/2.6.1/springfox-spring-web-2.6.1.jar:/home/silvestresilva/.m2/repository/com/google/guava/guava/18.0/guava-18.0.jar:/home/silvestresilva/.m2/repository/com/fasterxml/classmate/1.3.4/classmate-1.3.4.jar:/home/silvestresilva/.m2/repository/org/slf4j/slf4j-api/1.7.25/slf4j-api-1.7.25.jar:/home/silvestresilva/.m2/repository/org/springframework/plugin/spring-plugin-core/1.2.0.RELEASE/spring-plugin-core-1.2.0.RELEASE.jar:/home/silvestresilva/.m2/repository/org/springframework/plugin/spring-plugin-metadata/1.2.0.RELEASE/spring-plugin-metadata-1.2.0.RELEASE.jar:/home/silvestresilva/.m2/repository/org/mapstruct/mapstruct/1.0.0.Final/mapstruct-1.0.0.Final.jar:/home/silvestresilva/.m2/repository/io/springfox/springfox-swagger-ui/2.6.1/springfox-swagger-ui-2.6.1.jar:/home/silvestresilva/.m2/repository/io/jsonwebtoken/jjwt/0.7.0/jjwt-0.7.0.jar:/home/silvestresilva/.m2/repository/com/fasterxml/jackson/core/jackson-databind/2.9.6/jackson-databind-2.9.6.jar:/home/silvestresilva/.m2/repository/com/fasterxml/jackson/core/jackson-core/2.9.6/jackson-core-2.9.6.jar:, java.specification.name=Java Platform API Specification, java.class.version=52.0, sun.management.compiler=HotSpot 64-Bit Tiered Compilers, os.version=4.15.0-29deepin-generic, user.home=/home/silvestresilva, user.timezone=America/Sao_Paulo, java.awt.printerjob=sun.print.PSPrinterJob, file.encoding=UTF-8, java.specification.version=1.8, java.class.path=/home/silvestresilva/dev/src/conexus/target/test-classes:/home/silvestresilva/dev/src/conexus/target/classes:/home/silvestresilva/.m2/repository/org/springframework/boot/spring-boot-starter-data-jpa/2.0.4.RELEASE/spring-boot-starter-data-jpa-2.0.4.RELEASE.jar:/home/silvestresilva/.m2/repository/org/springframework/boot/spring-boot-starter/2.0.4.RELEASE/spring-boot-starter-2.0.4.RELEASE.jar:/home/silvestresilva/.m2/repository/org/springframework/boot/spring-boot-starter-logging/2.0.4.RELEASE/spring-boot-starter-logging-2.0.4.RELEASE.jar:/home/silvestresilva/.m2/repository/ch/qos/logback/logback-classic/1.2.3/logback-classic-1.2.3.jar:/home/silvestresilva/.m2/repository/ch/qos/logback/logback-core/1.2.3/logback-core-1.2.3.jar:/home/silvestresilva/.m2/repository/org/apache/logging/log4j/log4j-to-slf4j/2.10.0/log4j-to-slf4j-2.10.0.jar:/home/silvestresilva/.m2/repository/org/apache/logging/log4j/log4j-api/2.10.0/log4j-api-2.10.0.jar:/home/silvestresilva/.m2/repository/org/slf4j/jul-to-slf4j/1.7.25/jul-to-slf4j-1.7.25.jar:/home/silvestresilva/.m2/repository/javax/annotation/javax.annotation-api/1.3.2/javax.annotation-api-1.3.2.jar:/home/silvestresilva/.m2/repository/org/yaml/snakeyaml/1.19/snakeyaml-1.19.jar:/home/silvestresilva/.m2/repository/org/springframework/boot/spring-boot-starter-aop/2.0.4.RELEASE/spring-boot-starter-aop-2.0.4.RELEASE.jar:/home/silvestresilva/.m2/repository/org/aspectj/aspectjweaver/1.8.13/aspectjweaver-1.8.13.jar:/home/silvestresilva/.m2/repository/org/springframework/boot/spring-boot-starter-jdbc/2.0.4.RELEASE/spring-boot-starter-jdbc-2.0.4.RELEASE.jar:/home/silvestresilva/.m2/repository/com/zaxxer/HikariCP/2.7.9/HikariCP-2.7.9.jar:/home/silvestresilva/.m2/repository/org/springframework/spring-jdbc/5.0.8.RELEASE/spring-jdbc-5.0.8.RELEASE.jar:/home/silvestresilva/.m2/repository/org/hibernate/hibernate-core/5.2.17.Final/hibernate-core-5.2.17.Final.jar:/home/silvestresilva/.m2/repository/org/jboss/logging/jboss-logging/3.3.2.Final/jboss-logging-3.3.2.Final.jar:/home/silvestresilva/.m2/repository/org/hibernate/javax/persistence/hibernate-jpa-2.1-api/1.0.2.Final/hibernate-jpa-2.1-api-1.0.2.Final.jar:/home/silvestresilva/.m2/repository/org/javassist/javassist/3.22.0-GA/javassist-3.22.0-GA.jar:/home/silvestresilva/.m2/repository/antlr/antlr/2.7.7/antlr-2.7.7.jar:/home/silvestresilva/.m2/repository/org/jboss/jandex/2.0.3.Final/jandex-2.0.3.Final.jar:/home/silvestresilva/.m2/repository/dom4j/dom4j/1.6.1/dom4j-1.6.1.jar:/home/silvestresilva/.m2/repository/org/hibernate/common/hibernate-commons-annotations/5.0.1.Final/hibernate-commons-annotations-5.0.1.Final.jar:/home/silvestresilva/.m2/repository/javax/transaction/javax.transaction-api/1.2/javax.transaction-api-1.2.jar:/home/silvestresilva/.m2/repository/org/springframework/data/spring-data-jpa/2.0.9.RELEASE/spring-data-jpa-2.0.9.RELEASE.jar:/home/silvestresilva/.m2/repository/org/springframework/data/spring-data-commons/2.0.9.RELEASE/spring-data-commons-2.0.9.RELEASE.jar:/home/silvestresilva/.m2/repository/org/springframework/spring-orm/5.0.8.RELEASE/spring-orm-5.0.8.RELEASE.jar:/home/silvestresilva/.m2/repository/org/springframework/spring-context/5.0.8.RELEASE/spring-context-5.0.8.RELEASE.jar:/home/silvestresilva/.m2/repository/org/springframework/spring-tx/5.0.8.RELEASE/spring-tx-5.0.8.RELEASE.jar:/home/silvestresilva/.m2/repository/org/springframework/spring-beans/5.0.8.RELEASE/spring-beans-5.0.8.RELEASE.jar:/home/silvestresilva/.m2/repository/org/springframework/spring-aspects/5.0.8.RELEASE/spring-aspects-5.0.8.RELEASE.jar:/home/silvestresilva/.m2/repository/org/springframework/boot/spring-boot-starter-security/2.0.4.RELEASE/spring-boot-starter-security-2.0.4.RELEASE.jar:/home/silvestresilva/.m2/repository/org/springframework/spring-aop/5.0.8.RELEASE/spring-aop-5.0.8.RELEASE.jar:/home/silvestresilva/.m2/repository/org/springframework/security/spring-security-config/5.0.7.RELEASE/spring-security-config-5.0.7.RELEASE.jar:/home/silvestresilva/.m2/repository/org/springframework/security/spring-security-web/5.0.7.RELEASE/spring-security-web-5.0.7.RELEASE.jar:/home/silvestresilva/.m2/repository/org/springframework/spring-expression/5.0.8.RELEASE/spring-expression-5.0.8.RELEASE.jar:/home/silvestresilva/.m2/repository/org/springframework/boot/spring-boot-starter-web/2.0.4.RELEASE/spring-boot-starter-web-2.0.4.RELEASE.jar:/home/silvestresilva/.m2/repository/org/springframework/boot/spring-boot-starter-json/2.0.4.RELEASE/spring-boot-starter-json-2.0.4.RELEASE.jar:/home/silvestresilva/.m2/repository/com/fasterxml/jackson/datatype/jackson-datatype-jdk8/2.9.6/jackson-datatype-jdk8-2.9.6.jar:/home/silvestresilva/.m2/repository/com/fasterxml/jackson/datatype/jackson-datatype-jsr310/2.9.6/jackson-datatype-jsr310-2.9.6.jar:/home/silvestresilva/.m2/repository/com/fasterxml/jackson/module/jackson-module-parameter-names/2.9.6/jackson-module-parameter-names-2.9.6.jar:/home/silvestresilva/.m2/repository/org/springframework/boot/spring-boot-starter-tomcat/2.0.4.RELEASE/spring-boot-starter-tomcat-2.0.4.RELEASE.jar:/home/silvestresilva/.m2/repository/org/apache/tomcat/embed/tomcat-embed-core/8.5.32/tomcat-embed-core-8.5.32.jar:/home/silvestresilva/.m2/repository/org/apache/tomcat/embed/tomcat-embed-el/8.5.32/tomcat-embed-el-8.5.32.jar:/home/silvestresilva/.m2/repository/org/apache/tomcat/embed/tomcat-embed-websocket/8.5.32/tomcat-embed-websocket-8.5.32.jar:/home/silvestresilva/.m2/repository/org/hibernate/validator/hibernate-validator/6.0.11.Final/hibernate-validator-6.0.11.Final.jar:/home/silvestresilva/.m2/repository/javax/validation/validation-api/2.0.1.Final/validation-api-2.0.1.Final.jar:/home/silvestresilva/.m2/repository/org/springframework/spring-web/5.0.8.RELEASE/spring-web-5.0.8.RELEASE.jar:/home/silvestresilva/.m2/repository/org/springframework/spring-webmvc/5.0.8.RELEASE/spring-webmvc-5.0.8.RELEASE.jar:/home/silvestresilva/.m2/repository/org/flywaydb/flyway-core/5.0.7/flyway-core-5.0.7.jar:/home/silvestresilva/.m2/repository/org/springframework/boot/spring-boot-devtools/2.0.4.RELEASE/spring-boot-devtools-2.0.4.RELEASE.jar:/home/silvestresilva/.m2/repository/org/springframework/boot/spring-boot/2.0.4.RELEASE/spring-boot-2.0.4.RELEASE.jar:/home/silvestresilva/.m2/repository/org/springframework/boot/spring-boot-autoconfigure/2.0.4.RELEASE/spring-boot-autoconfigure-2.0.4.RELEASE.jar:/home/silvestresilva/.m2/repository/com/h2database/h2/1.4.197/h2-1.4.197.jar:/home/silvestresilva/.m2/repository/org/postgresql/postgresql/42.2.4/postgresql-42.2.4.jar:/home/silvestresilva/.m2/repository/org/springframework/boot/spring-boot-starter-test/2.0.4.RELEASE/spring-boot-starter-test-2.0.4.RELEASE.jar:/home/silvestresilva/.m2/repository/org/springframework/boot/spring-boot-test/2.0.4.RELEASE/spring-boot-test-2.0.4.RELEASE.jar:/home/silvestresilva/.m2/repository/org/springframework/boot/spring-boot-test-autoconfigure/2.0.4.RELEASE/spring-boot-test-autoconfigure-2.0.4.RELEASE.jar:/home/silvestresilva/.m2/repository/com/jayway/jsonpath/json-path/2.4.0/json-path-2.4.0.jar:/home/silvestresilva/.m2/repository/net/minidev/json-smart/2.3/json-smart-2.3.jar:/home/silvestresilva/.m2/repository/net/minidev/accessors-smart/1.2/accessors-smart-1.2.jar:/home/silvestresilva/.m2/repository/org/ow2/asm/asm/5.0.4/asm-5.0.4.jar:/home/silvestresilva/.m2/repository/junit/junit/4.12/junit-4.12.jar:/home/silvestresilva/.m2/repository/org/assertj/assertj-core/3.9.1/assertj-core-3.9.1.jar:/home/silvestresilva/.m2/repository/org/mockito/mockito-core/2.15.0/mockito-core-2.15.0.jar:/home/silvestresilva/.m2/repository/net/bytebuddy/byte-buddy/1.7.11/byte-buddy-1.7.11.jar:/home/silvestresilva/.m2/repository/net/bytebuddy/byte-buddy-agent/1.7.11/byte-buddy-agent-1.7.11.jar:/home/silvestresilva/.m2/repository/org/objenesis/objenesis/2.6/objenesis-2.6.jar:/home/silvestresilva/.m2/repository/org/hamcrest/hamcrest-core/1.3/hamcrest-core-1.3.jar:/home/silvestresilva/.m2/repository/org/hamcrest/hamcrest-library/1.3/hamcrest-library-1.3.jar:/home/silvestresilva/.m2/repository/org/skyscreamer/jsonassert/1.5.0/jsonassert-1.5.0.jar:/home/silvestresilva/.m2/repository/com/vaadin/external/google/android-json/0.0.20131108.vaadin1/android-json-0.0.20131108.vaadin1.jar:/home/silvestresilva/.m2/repository/org/springframework/spring-core/5.0.8.RELEASE/spring-core-5.0.8.RELEASE.jar:/home/silvestresilva/.m2/repository/org/springframework/spring-jcl/5.0.8.RELEASE/spring-jcl-5.0.8.RELEASE.jar:/home/silvestresilva/.m2/repository/org/springframework/spring-test/5.0.8.RELEASE/spring-test-5.0.8.RELEASE.jar:/home/silvestresilva/.m2/repository/org/xmlunit/xmlunit-core/2.5.1/xmlunit-core-2.5.1.jar:/home/silvestresilva/.m2/repository/org/springframework/security/spring-security-test/5.0.7.RELEASE/spring-security-test-5.0.7.RELEASE.jar:/home/silvestresilva/.m2/repository/org/springframework/security/spring-security-core/5.0.7.RELEASE/spring-security-core-5.0.7.RELEASE.jar:/home/silvestresilva/.m2/repository/io/springfox/springfox-swagger2/2.6.1/springfox-swagger2-2.6.1.jar:/home/silvestresilva/.m2/repository/io/swagger/swagger-annotations/1.5.10/swagger-annotations-1.5.10.jar:/home/silvestresilva/.m2/repository/io/swagger/swagger-models/1.5.10/swagger-models-1.5.10.jar:/home/silvestresilva/.m2/repository/com/fasterxml/jackson/core/jackson-annotations/2.9.0/jackson-annotations-2.9.0.jar:/home/silvestresilva/.m2/repository/io/springfox/springfox-spi/2.6.1/springfox-spi-2.6.1.jar:/home/silvestresilva/.m2/repository/io/springfox/springfox-core/2.6.1/springfox-core-2.6.1.jar:/home/silvestresilva/.m2/repository/io/springfox/springfox-schema/2.6.1/springfox-schema-2.6.1.jar:/home/silvestresilva/.m2/repository/io/springfox/springfox-swagger-common/2.6.1/springfox-swagger-common-2.6.1.jar:/home/silvestresilva/.m2/repository/io/springfox/springfox-spring-web/2.6.1/springfox-spring-web-2.6.1.jar:/home/silvestresilva/.m2/repository/com/google/guava/guava/18.0/guava-18.0.jar:/home/silvestresilva/.m2/repository/com/fasterxml/classmate/1.3.4/classmate-1.3.4.jar:/home/silvestresilva/.m2/repository/org/slf4j/slf4j-api/1.7.25/slf4j-api-1.7.25.jar:/home/silvestresilva/.m2/repository/org/springframework/plugin/spring-plugin-core/1.2.0.RELEASE/spring-plugin-core-1.2.0.RELEASE.jar:/home/silvestresilva/.m2/repository/org/springframework/plugin/spring-plugin-metadata/1.2.0.RELEASE/spring-plugin-metadata-1.2.0.RELEASE.jar:/home/silvestresilva/.m2/repository/org/mapstruct/mapstruct/1.0.0.Final/mapstruct-1.0.0.Final.jar:/home/silvestresilva/.m2/repository/io/springfox/springfox-swagger-ui/2.6.1/springfox-swagger-ui-2.6.1.jar:/home/silvestresilva/.m2/repository/io/jsonwebtoken/jjwt/0.7.0/jjwt-0.7.0.jar:/home/silvestresilva/.m2/repository/com/fasterxml/jackson/core/jackson-databind/2.9.6/jackson-databind-2.9.6.jar:/home/silvestresilva/.m2/repository/com/fasterxml/jackson/core/jackson-core/2.9.6/jackson-core-2.9.6.jar:, user.name=silvestresilva, java.vm.specification.version=1.8, sun.java.command=/home/silvestresilva/dev/src/conexus/target/surefire/surefirebooter129213975308570038.jar /home/silvestresilva/dev/src/conexus/target/surefire 2019-11-26T01-17-13_067-jvmRun1 surefire2105077314839282904tmp surefire_02430869595337277276tmp, java.home=/usr/lib/jvm/java-8-oracle/jre, sun.arch.data.model=64, user.language=en, java.specification.vendor=Oracle Corporation, awt.toolkit=sun.awt.X11.XToolkit, java.vm.info=mixed mode, java.version=1.8.0_144, java.ext.dirs=/usr/lib/jvm/java-8-oracle/jre/lib/ext:/usr/java/packages/lib/ext, sun.boot.class.path=/usr/lib/jvm/java-8-oracle/jre/lib/resources.jar:/usr/lib/jvm/java-8-oracle/jre/lib/rt.jar:/usr/lib/jvm/java-8-oracle/jre/lib/sunrsasign.jar:/usr/lib/jvm/java-8-oracle/jre/lib/jsse.jar:/usr/lib/jvm/java-8-oracle/jre/lib/jce.jar:/usr/lib/jvm/java-8-oracle/jre/lib/charsets.jar:/usr/lib/jvm/java-8-oracle/jre/lib/jfr.jar:/usr/lib/jvm/java-8-oracle/jre/classes, java.vendor=Oracle Corporation, localRepository=/home/silvestresilva/.m2/repository, file.separator=/, java.vendor.url.bug=http://bugreport.sun.com/bugreport/, sun.io.unicode.encoding=UnicodeLittle, sun.cpu.endian=little, sun.desktop=gnome, sun.cpu.isalist=}}, SystemEnvironmentPropertySource@708890004 {name='systemEnvironment', properties={PATH=/home/silvestresilva/.sdkman/candidates/gradle/current/bin:/usr/lib/jvm/java-8-oracle/bin:/home/silvestresilva/.nvm/versions/node/v6.9.4/bin:/usr/local/bin:/usr/bin:/bin:/usr/local/games:/usr/games:/sbin:/usr/sbin, XAUTHORITY=/home/silvestresilva/.Xauthority, SDKMAN_VERSION=5.7.3+337, XDG_DATA_DIRS=/home/silvestresilva/.local/share/flatpak/exports/share:/var/lib/flatpak/exports/share:/usr/local/share:/usr/share, GDMSESSION=deepin, TERMINATOR_DBUS_PATH=/net/tenshu/Terminator2, DBUS_SESSION_BUS_ADDRESS=unix:path=/run/user/1000/bus, XDG_CURRENT_DESKTOP=Deepin, COLORTERM=truecolor, SDKMAN_DIR=/home/silvestresilva/.sdkman, LOGNAME=silvestresilva, PWD=/home/silvestresilva/dev/src/conexus, LANGUAGE=en_US, NVM_CD_FLAGS=, SHELL=/bin/bash, QT_DBL_CLICK_DIST=15, SDKMAN_CANDIDATES_API=https://api.sdkman.io/2, GIO_LAUNCHED_DESKTOP_FILE=/usr/share/applications/terminator.desktop, OLDPWD=/home/silvestresilva/dev/src/conexus, GNOME_DESKTOP_SESSION_ID=this-is-deprecated, XDG_SESSION_PATH=/org/freedesktop/DisplayManager/Session1, M2_HOME=/opt/apache-maven-3.6.2, _JAVA_OPTIONS=  -Dawt.useSystemAAFontSettings=gasp, LS_COLORS=bd=38;5;68;1:ca=38;5;17:cd=38;5;132;1:di=38;5;105:do=38;5;127:ex=38;5;80:pi=38;5;126:fi=38;5;167:ln=38;5;63:mh=38;5;99;1:or=48;5;197;38;5;228;1:ow=38;5;220;1:sg=48;5;234;38;5;100;1:su=38;5;9;1:so=38;5;197:st=38;5;86;48;5;234:tw=48;5;235;38;5;139;3:*LS_COLORS=48;5;89;38;5;197;1;3;4;7:*.BAT=38;5;108:*.exe=38;5;196:*.PL=38;5;160:*.asm=38;5;240;1:*.awk=38;5;148;1:*.bash=38;5;173:*.bat=38;5;108:*.c=38;5;110:*.cc=38;5;24;1:*.ii=38;5;24;1:*.cfg=1:*.cl=38;5;204;1:*.coffee=38;5;100;1:*.conf=38;5;221:*.C=38;5;24;1:*.cp=38;5;24;1:*.cpp=38;5;24;1:*.cxx=38;5;24;1:*.c++=38;5;24;1:*.ii=38;5;24;1:*.cs=38;5;74;1:*.css=38;5;91:*.csv=38;5;78:*.ctp=38;5;95:*.diff=48;5;197;38;5;232:*.enc=38;5;192;3:*.eps=38;5;33;1:*.etx=38;5;172:*.ex=38;5;148;1:*.example=38;5;225;1:*.git=38;5;197:*.gitignore=38;5;240:*.go=38;5;111:*.h=38;5;81:*.H=38;5;81:*.hpp=38;5;81:*.hxx=38;5;81:*.h++=38;5;81:*.tcc=38;5;81:*.f=38;5;81:*.for=38;5;81:*.ftn=38;5;81:*.s=38;5;81:*.S=38;5;81:*.sx=38;5;81:*.hi=38;5;240:*.hs=38;5;199;1:*.htm=38;5;125;1:*.html=38;5;9;1:*.info=38;5;101:*.ini=38;5;123:*.java=38;5;142;1:*.jhtm=38;5;125;1:*.js=38;5;42:*.jsm=38;5;42:*.jsm=38;5;42:*.json=38;5;213:*.jsp=38;5;45:*.lisp=38;5;204;1:*.log=38;5;190:*.lua=38;5;34;1:*.m=38;5;130;3:*.mht=38;5;129:*.mm=38;5;130;3:*.M=38;5;130;3:*.map=38;5;58;3:*.markdown=38;5;184:*.md=38;5;184:*.mf=38;5;220;3:*.mfasl=38;5;73:*.mi=38;5;124:*.mkd=38;5;184:*.mtx=38;5;36;3:*.nfo=38;5;220:*.o=38;5;240:*.pacnew=38;5;33:*.patch=48;5;197;38;5;232;1:*.pc=38;5;100:*.pfa=38;5;43:*.pgsql=38;5;222:*.php=38;5;99:*.pl=38;5;214:*.po=38;5;176:*.pot=38;5;206;1:*.plt=38;5;204;1:*.pm=38;5;197;1:*.pod=38;5;172;1:*.py=38;5;41:*.pyc=38;5;245:*.rb=38;5;192:*.rdf=38;5;144:*.rst=38;5;67:*.ru=38;5;142:*.scm=38;5;204;1:*.sed=38;5;130;1:*.sfv=38;5;197:*.sh=38;5;113:*.signature=38;5;206:*.sql=38;5;222:*.srt=38;5;116:*.sty=38;5;58:*.sug=38;5;44:*.t=38;5;28;1:*.tcl=38;5;64;1:*.tdy=38;5;214:*.tex=38;5;172:*.textile=38;5;106:*.tfm=38;5;64:*.tfnt=38;5;140:*.theme=38;5;109:*.txt=38;5;192:*.list=38;5;44:*.save=38;5;240:*.urlview=38;5;85:*.vim=38;5;14:*.vimrc=38;5;13:*.viminfo=38;5;240;1:*.xml=38;5;199:*.yml=38;5;208:*.zsh=38;5;173:*.bashrc=38;5;5:*README=38;5;220;1:*Makefile=38;5;196:*MANIFEST=38;5;243:*pm_to_blib=38;5;240:*.1=38;5;240;1:*.2=38;5;220;1:*.3=38;5;196;1:*.7=38;5;196;1:*.1p=38;5;160:*.3p=38;5;160:*.am=38;5;242:*.in=38;5;242:*.old=38;5;242:*.out=38;5;44;1:*.bmp=38;5;33:*.cdr=38;5;33:*.gif=38;5;33:*.ico=38;5;33:*.jpeg=38;5;33:*.jpg=38;5;33:*.JPG=38;5;33:*.png=38;5;33:*.svg=38;5;33;1:*.xpm=38;5;33:*.32x=38;5;137:*.A64=38;5;82:*.a00=38;5;11:*.a52=38;5;112:*.a64=38;5;82:*.a78=38;5;112:*.adf=38;5;35:*.atr=38;5;213:*.cdi=38;5;124:*.fm2=38;5;35:*.gb=38;5;203:*.gba=38;5;205:*.gbc=38;5;204:*.gel=38;5;83:*.gg=38;5;138:*.ggl=38;5;83:*.j64=38;5;102:*.nds=38;5;199:*.nes=38;5;160:*.rom=38;5;59;1:*.sav=38;5;220:*.sms=38;5;33:*.st=38;5;208;1:*.iso=38;5;9;1:*.nrg=38;5;124:*.qcow=38;5;141:*.VOB=38;5;99:*.IFO=38;5;99:*.BUP=38;5;99:*.MOV=38;5;99:*.3gp=38;5;99:*.3g2=38;5;99:*.asf=38;5;99:*.avi=38;5;99:*.divx=38;5;99:*.f4v=38;5;99:*.flv=38;5;99:*.m2v=38;5;99:*.mkv=38;5;99:*.mov=38;5;99:*.mp4=38;5;99:*.mpg=38;5;99:*.mpeg=38;5;99:*.ogm=38;5;99:*.ogv=38;5;99:*.rmvb=38;5;99:*.sample=38;5;99;1:*.ts=38;5;99:*.vob=38;5;99:*.webm=38;5;99:*.wmv=38;5;99:*.S3M=38;5;69;1:*.aac=38;5;69:*.cue=38;5;69:*.dat=38;5;69:*.dts=38;5;69;1:*.fcm=38;5;69:*.flac=38;5;69;1:*.m3u=38;5;69:*.m3u8=38;5;69:*.m4=38;5;69;3:*.m4a=38;5;69;1:*.mid=38;5;69:*.midi=38;5;69:*.mod=38;5;69:*.mp3=38;5;69:*.oga=38;5;69:*.ogg=38;5;69:*.s3m=38;5;69;1:*.sid=38;5;69;1:*.spl=38;5;69:*.wv=38;5;69:*.wvc=38;5;69:*.ape=38;5;69:*.afm=38;5;58:*.pfb=38;5;58:*.pfm=38;5;58:*.ttf=38;5;66:*.ttc=38;5;66:*.pcf=38;5;65:*.psf=38;5;64:*.bak=38;5;222;1:*.bin=38;5;228:*.pid=38;5;228:*.state=38;5;228:*.swo=38;5;228:*.swp=38;5;228:*.tmp=38;5;228:*.un~=38;5;228:*.zcompdump=38;5;228:*.zwc=38;5;228:*.db=38;5;147:*.dump=38;5;147:*.sqlite=38;5;147:*.typelib=38;5;147:*.7z=38;5;140:*.a=38;5;220:*.apk=38;5;148;3:*.arj=38;5;220:*.bz2=38;5;220:*.deb=38;5;215;1:*.ipk=38;5;220:*.jad=38;5;220:*.jar=38;5;220:*.nth=38;5;220:*.sis=38;5;220:*.part=38;5;220;1:*.r00=38;5;220:*.r01=38;5;220:*.r02=38;5;220:*.r03=38;5;220:*.r04=38;5;220:*.r05=38;5;220:*.r06=38;5;220:*.r07=38;5;220:*.r08=38;5;220:*.r09=38;5;220:*.r10=38;5;220:*.r100=38;5;220:*.r101=38;5;220:*.r102=38;5;220:*.r103=38;5;220:*.r104=38;5;220:*.r105=38;5;220:*.r106=38;5;220:*.r107=38;5;220:*.r108=38;5;220:*.r109=38;5;220:*.r11=38;5;220:*.r110=38;5;220:*.r111=38;5;220:*.r112=38;5;220:*.r113=38;5;220:*.r114=38;5;220:*.r115=38;5;220:*.r116=38;5;220:*.r12=38;5;220:*.r13=38;5;220:*.r14=38;5;220:*.r15=38;5;220:*.r16=38;5;220:*.r17=38;5;220:*.r18=38;5;220:*.r19=38;5;220:*.r20=38;5;220:*.r21=38;5;220:*.r22=38;5;220:*.r25=38;5;220:*.r26=38;5;220:*.r27=38;5;220:*.r28=38;5;220:*.r29=38;5;220:*.r30=38;5;220:*.r31=38;5;220:*.r32=38;5;220:*.r33=38;5;220:*.r34=38;5;220:*.r35=38;5;220:*.r36=38;5;220:*.r37=38;5;220:*.r38=38;5;220:*.r39=38;5;220:*.r40=38;5;220:*.r41=38;5;220:*.r42=38;5;220:*.r43=38;5;220:*.r44=38;5;220:*.r45=38;5;220:*.r46=38;5;220:*.r47=38;5;220:*.r48=38;5;220:*.r49=38;5;220:*.r50=38;5;220:*.r51=38;5;220:*.r52=38;5;220:*.r53=38;5;220:*.r54=38;5;220:*.r99=38;5;220:*.r56=38;5;220:*.r69=38;5;220:*.r58=38;5;220:*.r59=38;5;220:*.r60=38;5;220:*.r61=38;5;220:*.r62=38;5;220:*.r63=38;5;220:*.r64=38;5;220:*.r65=38;5;220:*.r66=38;5;220:*.r67=38;5;220:*.r68=38;5;220:*.r69=38;5;220:*.r69=38;5;220:*.r70=38;5;220:*.r71=38;5;220:*.r72=38;5;220:*.r73=38;5;220:*.r74=38;5;220:*.r75=38;5;220:*.r76=38;5;220:*.r77=38;5;220:*.r78=38;5;220:*.r79=38;5;220:*.r80=38;5;220:*.r81=38;5;220:*.r82=38;5;220:*.r83=38;5;220:*.r84=38;5;220:*.r85=38;5;220:*.r86=38;5;220:*.r87=38;5;220:*.r88=38;5;220:*.r89=38;5;220:*.r90=38;5;220:*.r91=38;5;220:*.r92=38;5;220:*.r99=38;5;220:*.r94=38;5;220:*.r95=38;5;220:*.r96=38;5;220:*.r97=38;5;220:*.r98=38;5;220:*.r99=38;5;220:*.rar=38;5;217;1:*.tar=38;5;222:*.tar.gz=38;5;216:*.tgz=38;5;214;1:*.gz=38;5;224:*.xz=38;5;182:*.zip=38;5;208:*.doc=38;5;190:*.wps=38;5;190:*.docx=38;5;190:*.xls=38;5;190:*.xlsx=38;5;190:*.ppt=38;5;190:*.pptx=38;5;190:*.pdf=38;5;190:*.djvu=38;5;190:*.cbr=38;5;190:*.cbz=38;5;190:*.chm=38;5;190:*.odt=38;5;112:*.ods=38;5;112:*.odp=38;5;112:*.odb=38;5;112:*.allow=38;5;112:*.deny=38;5;203:*.SKIP=38;5;244:*.def=38;5;136:*.directory=38;5;69:*.err=38;5;160;1:*.error=38;5;160;1:*.pi=38;5;126:*.properties=38;5;197;1:*.torrent=38;5;105:*.gp3=38;5;114:*.gp4=38;5;115:*.tg=38;5;99:*.pcap=38;5;29:*.cap=38;5;29:*.dmp=38;5;29:*.service=38;5;81:*@.service=38;5;45:*.socket=38;5;75:*.device=38;5;24:*.mount=38;5;115:*.automount=38;5;114:*.swap=38;5;113:*.target=38;5;73:*.path=38;5;116:*.timer=38;5;111:*.snapshot=38;5;139:*.desktop=38;5;113:*.crdownload=38;5;38:*.crx=38;5;13:, XDG_SESSION_DESKTOP=deepin, SHLVL=1, JAVA_HOME=/usr/lib/jvm/java-8-oracle, TERM=xterm-256color, XFILESEARCHPATH=/usr/dt/app-defaults/%L/Dt, LANG=en_US.UTF-8, XDG_SEAT_PATH=/org/freedesktop/DisplayManager/Seat0, XDG_SESSION_ID=17, XDG_SESSION_TYPE=x11, GRADLE_HOME=/home/silvestresilva/.sdkman/candidates/gradle/current, DISPLAY=:0, MAVEN_CMD_LINE_ARGS= clean install, SDKMAN_CANDIDATES_DIR=/home/silvestresilva/.sdkman/candidates, _=/usr/bin/mvn, NVM_DIR=/home/silvestresilva/.nvm, XDG_GREETER_DATA_DIR=/var/lib/lightdm/data/silvestresilva, GPG_AGENT_INFO=/run/user/1000/gnupg/S.gpg-agent:0:1, MAVEN_PROJECTBASEDIR=/home/silvestresilva/dev/src/conexus, TERMINATOR_DBUS_NAME=net.tenshu.Terminator20x1a6021154d881c, DESKTOP_SESSION=deepin, SDKMAN_PLATFORM=Linux64, USER=silvestresilva, GIO_LAUNCHED_DESKTOP_FILE_PID=22160, VTE_VERSION=5201, TERMINATOR_UUID=urn:uuid:8946dfed-ad90-41b1-a7c4-60864af5b54b, SSH_AUTH_SOCK=/run/user/1000/keyring/ssh, XDG_SEAT=seat0, NLSPATH=/usr/dt/lib/nls/msg/%L/%N.cat, XDG_VTNR=2, XDG_RUNTIME_DIR=/run/user/1000, NVM_BIN=/home/silvestresilva/.nvm/versions/node/v6.9.4/bin, HOME=/home/silvestresilva}}]
01:17:13.578 [main] DEBUG org.springframework.core.io.support.PathMatchingResourcePatternResolver - Resolved classpath location [br/pucminas/api/] to resources [URL [file:/home/silvestresilva/dev/src/conexus/target/test-classes/br/pucminas/api/], URL [file:/home/silvestresilva/dev/src/conexus/target/classes/br/pucminas/api/]]
01:17:13.578 [main] DEBUG org.springframework.core.io.support.PathMatchingResourcePatternResolver - Looking for matching resources in directory tree [/home/silvestresilva/dev/src/conexus/target/test-classes/br/pucminas/api]
01:17:13.578 [main] DEBUG org.springframework.core.io.support.PathMatchingResourcePatternResolver - Searching directory [/home/silvestresilva/dev/src/conexus/target/test-classes/br/pucminas/api] for files matching pattern [/home/silvestresilva/dev/src/conexus/target/test-classes/br/pucminas/api/*.class]
01:17:13.581 [main] DEBUG org.springframework.core.io.support.PathMatchingResourcePatternResolver - Looking for matching resources in directory tree [/home/silvestresilva/dev/src/conexus/target/classes/br/pucminas/api]
01:17:13.582 [main] DEBUG org.springframework.core.io.support.PathMatchingResourcePatternResolver - Searching directory [/home/silvestresilva/dev/src/conexus/target/classes/br/pucminas/api] for files matching pattern [/home/silvestresilva/dev/src/conexus/target/classes/br/pucminas/api/*.class]
01:17:13.584 [main] DEBUG org.springframework.core.io.support.PathMatchingResourcePatternResolver - Resolved location pattern [classpath*:br/pucminas/api/*.class] to resources [file [/home/silvestresilva/dev/src/conexus/target/test-classes/br/pucminas/api/SicadeApplicationTests.class], file [/home/silvestresilva/dev/src/conexus/target/classes/br/pucminas/api/ConexusApplication.class]]
01:17:13.641 [main] DEBUG org.springframework.context.annotation.ClassPathScanningCandidateComponentProvider - Identified candidate component class: file [/home/silvestresilva/dev/src/conexus/target/classes/br/pucminas/api/ConexusApplication.class]
01:17:13.642 [main] INFO org.springframework.boot.test.context.SpringBootTestContextBootstrapper - Found @SpringBootConfiguration br.pucminas.api.ConexusApplication for test class br.pucminas.api.SicadeApplicationTests
01:17:13.726 [main] DEBUG org.springframework.boot.test.context.SpringBootTestContextBootstrapper - @TestExecutionListeners is not present for class [br.pucminas.api.SicadeApplicationTests]: using defaults.
01:17:13.726 [main] INFO org.springframework.boot.test.context.SpringBootTestContextBootstrapper - Loaded default TestExecutionListener class names from location [META-INF/spring.factories]: [org.springframework.boot.test.mock.mockito.MockitoTestExecutionListener, org.springframework.boot.test.mock.mockito.ResetMocksTestExecutionListener, org.springframework.boot.test.autoconfigure.restdocs.RestDocsTestExecutionListener, org.springframework.boot.test.autoconfigure.web.client.MockRestServiceServerResetTestExecutionListener, org.springframework.boot.test.autoconfigure.web.servlet.MockMvcPrintOnlyOnFailureTestExecutionListener, org.springframework.boot.test.autoconfigure.web.servlet.WebDriverTestExecutionListener, org.springframework.test.context.web.ServletTestExecutionListener, org.springframework.test.context.support.DirtiesContextBeforeModesTestExecutionListener, org.springframework.test.context.support.DependencyInjectionTestExecutionListener, org.springframework.test.context.support.DirtiesContextTestExecutionListener, org.springframework.test.context.transaction.TransactionalTestExecutionListener, org.springframework.test.context.jdbc.SqlScriptsTestExecutionListener, org.springframework.security.test.context.support.WithSecurityContextTestExecutionListener, org.springframework.security.test.context.support.ReactorContextTestExecutionListener]
01:17:13.738 [main] INFO org.springframework.boot.test.context.SpringBootTestContextBootstrapper - Using TestExecutionListeners: [org.springframework.test.context.web.ServletTestExecutionListener@662ac478, org.springframework.test.context.support.DirtiesContextBeforeModesTestExecutionListener@6743e411, org.springframework.boot.test.mock.mockito.MockitoTestExecutionListener@3eb25e1a, org.springframework.boot.test.autoconfigure.SpringBootDependencyInjectionTestExecutionListener@477b4cdf, org.springframework.test.context.support.DirtiesContextTestExecutionListener@77c2494c, org.springframework.test.context.transaction.TransactionalTestExecutionListener@f5958c9, org.springframework.test.context.jdbc.SqlScriptsTestExecutionListener@233795b6, org.springframework.security.test.context.support.WithSecurityContextTestExecutionListener@3eb738bb, org.springframework.security.test.context.support.ReactorContextTestExecutionListener@5bda8e08, org.springframework.boot.test.mock.mockito.ResetMocksTestExecutionListener@1e800aaa, org.springframework.boot.test.autoconfigure.restdocs.RestDocsTestExecutionListener@185a6e9, org.springframework.boot.test.autoconfigure.web.client.MockRestServiceServerResetTestExecutionListener@6f03482, org.springframework.boot.test.autoconfigure.web.servlet.MockMvcPrintOnlyOnFailureTestExecutionListener@9d5509a, org.springframework.boot.test.autoconfigure.web.servlet.WebDriverTestExecutionListener@179ece50]
01:17:13.740 [main] DEBUG org.springframework.test.annotation.ProfileValueUtils - Retrieved @ProfileValueSourceConfiguration [null] for test class [br.pucminas.api.SicadeApplicationTests]
01:17:13.740 [main] DEBUG org.springframework.test.annotation.ProfileValueUtils - Retrieved ProfileValueSource type [class org.springframework.test.annotation.SystemProfileValueSource] for class [br.pucminas.api.SicadeApplicationTests]
01:17:13.742 [main] DEBUG org.springframework.test.annotation.ProfileValueUtils - Retrieved @ProfileValueSourceConfiguration [null] for test class [br.pucminas.api.SicadeApplicationTests]
01:17:13.742 [main] DEBUG org.springframework.test.annotation.ProfileValueUtils - Retrieved ProfileValueSource type [class org.springframework.test.annotation.SystemProfileValueSource] for class [br.pucminas.api.SicadeApplicationTests]
01:17:13.742 [main] DEBUG org.springframework.test.annotation.ProfileValueUtils - Retrieved @ProfileValueSourceConfiguration [null] for test class [br.pucminas.api.SicadeApplicationTests]
01:17:13.742 [main] DEBUG org.springframework.test.annotation.ProfileValueUtils - Retrieved ProfileValueSource type [class org.springframework.test.annotation.SystemProfileValueSource] for class [br.pucminas.api.SicadeApplicationTests]
01:17:13.746 [main] DEBUG org.springframework.test.context.support.AbstractDirtiesContextTestExecutionListener - Before test class: context [DefaultTestContext@24269709 testClass = SicadeApplicationTests, testInstance = [null], testMethod = [null], testException = [null], mergedContextConfiguration = [WebMergedContextConfiguration@2aceadd4 testClass = SicadeApplicationTests, locations = '{}', classes = '{class br.pucminas.api.ConexusApplication}', contextInitializerClasses = '[]', activeProfiles = '{}', propertySourceLocations = '{}', propertySourceProperties = '{org.springframework.boot.test.context.SpringBootTestContextBootstrapper=true}', contextCustomizers = set[org.springframework.boot.test.context.filter.ExcludeFilterContextCustomizer@150c158, org.springframework.boot.test.json.DuplicateJsonObjectContextCustomizerFactory$DuplicateJsonObjectContextCustomizer@10dba097, org.springframework.boot.test.mock.mockito.MockitoContextCustomizer@0, org.springframework.boot.test.web.client.TestRestTemplateContextCustomizer@fcd6521, org.springframework.boot.test.autoconfigure.properties.PropertyMappingContextCustomizer@0, org.springframework.boot.test.autoconfigure.web.servlet.WebDriverContextCustomizerFactory$Customizer@4516af24], resourceBasePath = 'src/main/webapp', contextLoader = 'org.springframework.boot.test.context.SpringBootContextLoader', parent = [null]], attributes = map['org.springframework.test.context.web.ServletTestExecutionListener.activateListener' -> true]], class annotated with @DirtiesContext [false] with mode [null].
01:17:13.746 [main] DEBUG org.springframework.test.annotation.ProfileValueUtils - Retrieved @ProfileValueSourceConfiguration [null] for test class [br.pucminas.api.SicadeApplicationTests]
01:17:13.746 [main] DEBUG org.springframework.test.annotation.ProfileValueUtils - Retrieved ProfileValueSource type [class org.springframework.test.annotation.SystemProfileValueSource] for class [br.pucminas.api.SicadeApplicationTests]
01:17:13.767 [main] DEBUG org.springframework.core.env.StandardEnvironment - Adding PropertySource 'systemProperties' with lowest search precedence
01:17:13.767 [main] DEBUG org.springframework.core.env.StandardEnvironment - Adding PropertySource 'systemEnvironment' with lowest search precedence
01:17:13.767 [main] DEBUG org.springframework.core.env.StandardEnvironment - Initialized StandardEnvironment with PropertySources [MapPropertySource@1552999801 {name='systemProperties', properties={java.runtime.name=Java(TM) SE Runtime Environment, awt.useSystemAAFontSettings=gasp, sun.boot.library.path=/usr/lib/jvm/java-8-oracle/jre/lib/amd64, java.vm.version=25.144-b01, java.vm.vendor=Oracle Corporation, java.vendor.url=http://java.oracle.com/, path.separator=:, java.vm.name=Java HotSpot(TM) 64-Bit Server VM, file.encoding.pkg=sun.io, user.country=US, sun.java.launcher=SUN_STANDARD, sun.os.patch.level=unknown, java.vm.specification.name=Java Virtual Machine Specification, user.dir=/home/silvestresilva/dev/src/conexus, java.runtime.version=1.8.0_144-b01, basedir=/home/silvestresilva/dev/src/conexus, java.awt.graphicsenv=sun.awt.X11GraphicsEnvironment, java.endorsed.dirs=/usr/lib/jvm/java-8-oracle/jre/lib/endorsed, os.arch=amd64, surefire.real.class.path=/home/silvestresilva/dev/src/conexus/target/surefire/surefirebooter129213975308570038.jar, java.io.tmpdir=/tmp, line.separator=
, java.vm.specification.vendor=Oracle Corporation, os.name=Linux, sun.jnu.encoding=UTF-8, java.library.path=/usr/java/packages/lib/amd64:/usr/lib64:/lib64:/lib:/usr/lib, surefire.test.class.path=/home/silvestresilva/dev/src/conexus/target/test-classes:/home/silvestresilva/dev/src/conexus/target/classes:/home/silvestresilva/.m2/repository/org/springframework/boot/spring-boot-starter-data-jpa/2.0.4.RELEASE/spring-boot-starter-data-jpa-2.0.4.RELEASE.jar:/home/silvestresilva/.m2/repository/org/springframework/boot/spring-boot-starter/2.0.4.RELEASE/spring-boot-starter-2.0.4.RELEASE.jar:/home/silvestresilva/.m2/repository/org/springframework/boot/spring-boot-starter-logging/2.0.4.RELEASE/spring-boot-starter-logging-2.0.4.RELEASE.jar:/home/silvestresilva/.m2/repository/ch/qos/logback/logback-classic/1.2.3/logback-classic-1.2.3.jar:/home/silvestresilva/.m2/repository/ch/qos/logback/logback-core/1.2.3/logback-core-1.2.3.jar:/home/silvestresilva/.m2/repository/org/apache/logging/log4j/log4j-to-slf4j/2.10.0/log4j-to-slf4j-2.10.0.jar:/home/silvestresilva/.m2/repository/org/apache/logging/log4j/log4j-api/2.10.0/log4j-api-2.10.0.jar:/home/silvestresilva/.m2/repository/org/slf4j/jul-to-slf4j/1.7.25/jul-to-slf4j-1.7.25.jar:/home/silvestresilva/.m2/repository/javax/annotation/javax.annotation-api/1.3.2/javax.annotation-api-1.3.2.jar:/home/silvestresilva/.m2/repository/org/yaml/snakeyaml/1.19/snakeyaml-1.19.jar:/home/silvestresilva/.m2/repository/org/springframework/boot/spring-boot-starter-aop/2.0.4.RELEASE/spring-boot-starter-aop-2.0.4.RELEASE.jar:/home/silvestresilva/.m2/repository/org/aspectj/aspectjweaver/1.8.13/aspectjweaver-1.8.13.jar:/home/silvestresilva/.m2/repository/org/springframework/boot/spring-boot-starter-jdbc/2.0.4.RELEASE/spring-boot-starter-jdbc-2.0.4.RELEASE.jar:/home/silvestresilva/.m2/repository/com/zaxxer/HikariCP/2.7.9/HikariCP-2.7.9.jar:/home/silvestresilva/.m2/repository/org/springframework/spring-jdbc/5.0.8.RELEASE/spring-jdbc-5.0.8.RELEASE.jar:/home/silvestresilva/.m2/repository/org/hibernate/hibernate-core/5.2.17.Final/hibernate-core-5.2.17.Final.jar:/home/silvestresilva/.m2/repository/org/jboss/logging/jboss-logging/3.3.2.Final/jboss-logging-3.3.2.Final.jar:/home/silvestresilva/.m2/repository/org/hibernate/javax/persistence/hibernate-jpa-2.1-api/1.0.2.Final/hibernate-jpa-2.1-api-1.0.2.Final.jar:/home/silvestresilva/.m2/repository/org/javassist/javassist/3.22.0-GA/javassist-3.22.0-GA.jar:/home/silvestresilva/.m2/repository/antlr/antlr/2.7.7/antlr-2.7.7.jar:/home/silvestresilva/.m2/repository/org/jboss/jandex/2.0.3.Final/jandex-2.0.3.Final.jar:/home/silvestresilva/.m2/repository/dom4j/dom4j/1.6.1/dom4j-1.6.1.jar:/home/silvestresilva/.m2/repository/org/hibernate/common/hibernate-commons-annotations/5.0.1.Final/hibernate-commons-annotations-5.0.1.Final.jar:/home/silvestresilva/.m2/repository/javax/transaction/javax.transaction-api/1.2/javax.transaction-api-1.2.jar:/home/silvestresilva/.m2/repository/org/springframework/data/spring-data-jpa/2.0.9.RELEASE/spring-data-jpa-2.0.9.RELEASE.jar:/home/silvestresilva/.m2/repository/org/springframework/data/spring-data-commons/2.0.9.RELEASE/spring-data-commons-2.0.9.RELEASE.jar:/home/silvestresilva/.m2/repository/org/springframework/spring-orm/5.0.8.RELEASE/spring-orm-5.0.8.RELEASE.jar:/home/silvestresilva/.m2/repository/org/springframework/spring-context/5.0.8.RELEASE/spring-context-5.0.8.RELEASE.jar:/home/silvestresilva/.m2/repository/org/springframework/spring-tx/5.0.8.RELEASE/spring-tx-5.0.8.RELEASE.jar:/home/silvestresilva/.m2/repository/org/springframework/spring-beans/5.0.8.RELEASE/spring-beans-5.0.8.RELEASE.jar:/home/silvestresilva/.m2/repository/org/springframework/spring-aspects/5.0.8.RELEASE/spring-aspects-5.0.8.RELEASE.jar:/home/silvestresilva/.m2/repository/org/springframework/boot/spring-boot-starter-security/2.0.4.RELEASE/spring-boot-starter-security-2.0.4.RELEASE.jar:/home/silvestresilva/.m2/repository/org/springframework/spring-aop/5.0.8.RELEASE/spring-aop-5.0.8.RELEASE.jar:/home/silvestresilva/.m2/repository/org/springframework/security/spring-security-config/5.0.7.RELEASE/spring-security-config-5.0.7.RELEASE.jar:/home/silvestresilva/.m2/repository/org/springframework/security/spring-security-web/5.0.7.RELEASE/spring-security-web-5.0.7.RELEASE.jar:/home/silvestresilva/.m2/repository/org/springframework/spring-expression/5.0.8.RELEASE/spring-expression-5.0.8.RELEASE.jar:/home/silvestresilva/.m2/repository/org/springframework/boot/spring-boot-starter-web/2.0.4.RELEASE/spring-boot-starter-web-2.0.4.RELEASE.jar:/home/silvestresilva/.m2/repository/org/springframework/boot/spring-boot-starter-json/2.0.4.RELEASE/spring-boot-starter-json-2.0.4.RELEASE.jar:/home/silvestresilva/.m2/repository/com/fasterxml/jackson/datatype/jackson-datatype-jdk8/2.9.6/jackson-datatype-jdk8-2.9.6.jar:/home/silvestresilva/.m2/repository/com/fasterxml/jackson/datatype/jackson-datatype-jsr310/2.9.6/jackson-datatype-jsr310-2.9.6.jar:/home/silvestresilva/.m2/repository/com/fasterxml/jackson/module/jackson-module-parameter-names/2.9.6/jackson-module-parameter-names-2.9.6.jar:/home/silvestresilva/.m2/repository/org/springframework/boot/spring-boot-starter-tomcat/2.0.4.RELEASE/spring-boot-starter-tomcat-2.0.4.RELEASE.jar:/home/silvestresilva/.m2/repository/org/apache/tomcat/embed/tomcat-embed-core/8.5.32/tomcat-embed-core-8.5.32.jar:/home/silvestresilva/.m2/repository/org/apache/tomcat/embed/tomcat-embed-el/8.5.32/tomcat-embed-el-8.5.32.jar:/home/silvestresilva/.m2/repository/org/apache/tomcat/embed/tomcat-embed-websocket/8.5.32/tomcat-embed-websocket-8.5.32.jar:/home/silvestresilva/.m2/repository/org/hibernate/validator/hibernate-validator/6.0.11.Final/hibernate-validator-6.0.11.Final.jar:/home/silvestresilva/.m2/repository/javax/validation/validation-api/2.0.1.Final/validation-api-2.0.1.Final.jar:/home/silvestresilva/.m2/repository/org/springframework/spring-web/5.0.8.RELEASE/spring-web-5.0.8.RELEASE.jar:/home/silvestresilva/.m2/repository/org/springframework/spring-webmvc/5.0.8.RELEASE/spring-webmvc-5.0.8.RELEASE.jar:/home/silvestresilva/.m2/repository/org/flywaydb/flyway-core/5.0.7/flyway-core-5.0.7.jar:/home/silvestresilva/.m2/repository/org/springframework/boot/spring-boot-devtools/2.0.4.RELEASE/spring-boot-devtools-2.0.4.RELEASE.jar:/home/silvestresilva/.m2/repository/org/springframework/boot/spring-boot/2.0.4.RELEASE/spring-boot-2.0.4.RELEASE.jar:/home/silvestresilva/.m2/repository/org/springframework/boot/spring-boot-autoconfigure/2.0.4.RELEASE/spring-boot-autoconfigure-2.0.4.RELEASE.jar:/home/silvestresilva/.m2/repository/com/h2database/h2/1.4.197/h2-1.4.197.jar:/home/silvestresilva/.m2/repository/org/postgresql/postgresql/42.2.4/postgresql-42.2.4.jar:/home/silvestresilva/.m2/repository/org/springframework/boot/spring-boot-starter-test/2.0.4.RELEASE/spring-boot-starter-test-2.0.4.RELEASE.jar:/home/silvestresilva/.m2/repository/org/springframework/boot/spring-boot-test/2.0.4.RELEASE/spring-boot-test-2.0.4.RELEASE.jar:/home/silvestresilva/.m2/repository/org/springframework/boot/spring-boot-test-autoconfigure/2.0.4.RELEASE/spring-boot-test-autoconfigure-2.0.4.RELEASE.jar:/home/silvestresilva/.m2/repository/com/jayway/jsonpath/json-path/2.4.0/json-path-2.4.0.jar:/home/silvestresilva/.m2/repository/net/minidev/json-smart/2.3/json-smart-2.3.jar:/home/silvestresilva/.m2/repository/net/minidev/accessors-smart/1.2/accessors-smart-1.2.jar:/home/silvestresilva/.m2/repository/org/ow2/asm/asm/5.0.4/asm-5.0.4.jar:/home/silvestresilva/.m2/repository/junit/junit/4.12/junit-4.12.jar:/home/silvestresilva/.m2/repository/org/assertj/assertj-core/3.9.1/assertj-core-3.9.1.jar:/home/silvestresilva/.m2/repository/org/mockito/mockito-core/2.15.0/mockito-core-2.15.0.jar:/home/silvestresilva/.m2/repository/net/bytebuddy/byte-buddy/1.7.11/byte-buddy-1.7.11.jar:/home/silvestresilva/.m2/repository/net/bytebuddy/byte-buddy-agent/1.7.11/byte-buddy-agent-1.7.11.jar:/home/silvestresilva/.m2/repository/org/objenesis/objenesis/2.6/objenesis-2.6.jar:/home/silvestresilva/.m2/repository/org/hamcrest/hamcrest-core/1.3/hamcrest-core-1.3.jar:/home/silvestresilva/.m2/repository/org/hamcrest/hamcrest-library/1.3/hamcrest-library-1.3.jar:/home/silvestresilva/.m2/repository/org/skyscreamer/jsonassert/1.5.0/jsonassert-1.5.0.jar:/home/silvestresilva/.m2/repository/com/vaadin/external/google/android-json/0.0.20131108.vaadin1/android-json-0.0.20131108.vaadin1.jar:/home/silvestresilva/.m2/repository/org/springframework/spring-core/5.0.8.RELEASE/spring-core-5.0.8.RELEASE.jar:/home/silvestresilva/.m2/repository/org/springframework/spring-jcl/5.0.8.RELEASE/spring-jcl-5.0.8.RELEASE.jar:/home/silvestresilva/.m2/repository/org/springframework/spring-test/5.0.8.RELEASE/spring-test-5.0.8.RELEASE.jar:/home/silvestresilva/.m2/repository/org/xmlunit/xmlunit-core/2.5.1/xmlunit-core-2.5.1.jar:/home/silvestresilva/.m2/repository/org/springframework/security/spring-security-test/5.0.7.RELEASE/spring-security-test-5.0.7.RELEASE.jar:/home/silvestresilva/.m2/repository/org/springframework/security/spring-security-core/5.0.7.RELEASE/spring-security-core-5.0.7.RELEASE.jar:/home/silvestresilva/.m2/repository/io/springfox/springfox-swagger2/2.6.1/springfox-swagger2-2.6.1.jar:/home/silvestresilva/.m2/repository/io/swagger/swagger-annotations/1.5.10/swagger-annotations-1.5.10.jar:/home/silvestresilva/.m2/repository/io/swagger/swagger-models/1.5.10/swagger-models-1.5.10.jar:/home/silvestresilva/.m2/repository/com/fasterxml/jackson/core/jackson-annotations/2.9.0/jackson-annotations-2.9.0.jar:/home/silvestresilva/.m2/repository/io/springfox/springfox-spi/2.6.1/springfox-spi-2.6.1.jar:/home/silvestresilva/.m2/repository/io/springfox/springfox-core/2.6.1/springfox-core-2.6.1.jar:/home/silvestresilva/.m2/repository/io/springfox/springfox-schema/2.6.1/springfox-schema-2.6.1.jar:/home/silvestresilva/.m2/repository/io/springfox/springfox-swagger-common/2.6.1/springfox-swagger-common-2.6.1.jar:/home/silvestresilva/.m2/repository/io/springfox/springfox-spring-web/2.6.1/springfox-spring-web-2.6.1.jar:/home/silvestresilva/.m2/repository/com/google/guava/guava/18.0/guava-18.0.jar:/home/silvestresilva/.m2/repository/com/fasterxml/classmate/1.3.4/classmate-1.3.4.jar:/home/silvestresilva/.m2/repository/org/slf4j/slf4j-api/1.7.25/slf4j-api-1.7.25.jar:/home/silvestresilva/.m2/repository/org/springframework/plugin/spring-plugin-core/1.2.0.RELEASE/spring-plugin-core-1.2.0.RELEASE.jar:/home/silvestresilva/.m2/repository/org/springframework/plugin/spring-plugin-metadata/1.2.0.RELEASE/spring-plugin-metadata-1.2.0.RELEASE.jar:/home/silvestresilva/.m2/repository/org/mapstruct/mapstruct/1.0.0.Final/mapstruct-1.0.0.Final.jar:/home/silvestresilva/.m2/repository/io/springfox/springfox-swagger-ui/2.6.1/springfox-swagger-ui-2.6.1.jar:/home/silvestresilva/.m2/repository/io/jsonwebtoken/jjwt/0.7.0/jjwt-0.7.0.jar:/home/silvestresilva/.m2/repository/com/fasterxml/jackson/core/jackson-databind/2.9.6/jackson-databind-2.9.6.jar:/home/silvestresilva/.m2/repository/com/fasterxml/jackson/core/jackson-core/2.9.6/jackson-core-2.9.6.jar:, java.specification.name=Java Platform API Specification, java.class.version=52.0, sun.management.compiler=HotSpot 64-Bit Tiered Compilers, os.version=4.15.0-29deepin-generic, user.home=/home/silvestresilva, user.timezone=America/Sao_Paulo, java.awt.printerjob=sun.print.PSPrinterJob, file.encoding=UTF-8, java.specification.version=1.8, java.class.path=/home/silvestresilva/dev/src/conexus/target/test-classes:/home/silvestresilva/dev/src/conexus/target/classes:/home/silvestresilva/.m2/repository/org/springframework/boot/spring-boot-starter-data-jpa/2.0.4.RELEASE/spring-boot-starter-data-jpa-2.0.4.RELEASE.jar:/home/silvestresilva/.m2/repository/org/springframework/boot/spring-boot-starter/2.0.4.RELEASE/spring-boot-starter-2.0.4.RELEASE.jar:/home/silvestresilva/.m2/repository/org/springframework/boot/spring-boot-starter-logging/2.0.4.RELEASE/spring-boot-starter-logging-2.0.4.RELEASE.jar:/home/silvestresilva/.m2/repository/ch/qos/logback/logback-classic/1.2.3/logback-classic-1.2.3.jar:/home/silvestresilva/.m2/repository/ch/qos/logback/logback-core/1.2.3/logback-core-1.2.3.jar:/home/silvestresilva/.m2/repository/org/apache/logging/log4j/log4j-to-slf4j/2.10.0/log4j-to-slf4j-2.10.0.jar:/home/silvestresilva/.m2/repository/org/apache/logging/log4j/log4j-api/2.10.0/log4j-api-2.10.0.jar:/home/silvestresilva/.m2/repository/org/slf4j/jul-to-slf4j/1.7.25/jul-to-slf4j-1.7.25.jar:/home/silvestresilva/.m2/repository/javax/annotation/javax.annotation-api/1.3.2/javax.annotation-api-1.3.2.jar:/home/silvestresilva/.m2/repository/org/yaml/snakeyaml/1.19/snakeyaml-1.19.jar:/home/silvestresilva/.m2/repository/org/springframework/boot/spring-boot-starter-aop/2.0.4.RELEASE/spring-boot-starter-aop-2.0.4.RELEASE.jar:/home/silvestresilva/.m2/repository/org/aspectj/aspectjweaver/1.8.13/aspectjweaver-1.8.13.jar:/home/silvestresilva/.m2/repository/org/springframework/boot/spring-boot-starter-jdbc/2.0.4.RELEASE/spring-boot-starter-jdbc-2.0.4.RELEASE.jar:/home/silvestresilva/.m2/repository/com/zaxxer/HikariCP/2.7.9/HikariCP-2.7.9.jar:/home/silvestresilva/.m2/repository/org/springframework/spring-jdbc/5.0.8.RELEASE/spring-jdbc-5.0.8.RELEASE.jar:/home/silvestresilva/.m2/repository/org/hibernate/hibernate-core/5.2.17.Final/hibernate-core-5.2.17.Final.jar:/home/silvestresilva/.m2/repository/org/jboss/logging/jboss-logging/3.3.2.Final/jboss-logging-3.3.2.Final.jar:/home/silvestresilva/.m2/repository/org/hibernate/javax/persistence/hibernate-jpa-2.1-api/1.0.2.Final/hibernate-jpa-2.1-api-1.0.2.Final.jar:/home/silvestresilva/.m2/repository/org/javassist/javassist/3.22.0-GA/javassist-3.22.0-GA.jar:/home/silvestresilva/.m2/repository/antlr/antlr/2.7.7/antlr-2.7.7.jar:/home/silvestresilva/.m2/repository/org/jboss/jandex/2.0.3.Final/jandex-2.0.3.Final.jar:/home/silvestresilva/.m2/repository/dom4j/dom4j/1.6.1/dom4j-1.6.1.jar:/home/silvestresilva/.m2/repository/org/hibernate/common/hibernate-commons-annotations/5.0.1.Final/hibernate-commons-annotations-5.0.1.Final.jar:/home/silvestresilva/.m2/repository/javax/transaction/javax.transaction-api/1.2/javax.transaction-api-1.2.jar:/home/silvestresilva/.m2/repository/org/springframework/data/spring-data-jpa/2.0.9.RELEASE/spring-data-jpa-2.0.9.RELEASE.jar:/home/silvestresilva/.m2/repository/org/springframework/data/spring-data-commons/2.0.9.RELEASE/spring-data-commons-2.0.9.RELEASE.jar:/home/silvestresilva/.m2/repository/org/springframework/spring-orm/5.0.8.RELEASE/spring-orm-5.0.8.RELEASE.jar:/home/silvestresilva/.m2/repository/org/springframework/spring-context/5.0.8.RELEASE/spring-context-5.0.8.RELEASE.jar:/home/silvestresilva/.m2/repository/org/springframework/spring-tx/5.0.8.RELEASE/spring-tx-5.0.8.RELEASE.jar:/home/silvestresilva/.m2/repository/org/springframework/spring-beans/5.0.8.RELEASE/spring-beans-5.0.8.RELEASE.jar:/home/silvestresilva/.m2/repository/org/springframework/spring-aspects/5.0.8.RELEASE/spring-aspects-5.0.8.RELEASE.jar:/home/silvestresilva/.m2/repository/org/springframework/boot/spring-boot-starter-security/2.0.4.RELEASE/spring-boot-starter-security-2.0.4.RELEASE.jar:/home/silvestresilva/.m2/repository/org/springframework/spring-aop/5.0.8.RELEASE/spring-aop-5.0.8.RELEASE.jar:/home/silvestresilva/.m2/repository/org/springframework/security/spring-security-config/5.0.7.RELEASE/spring-security-config-5.0.7.RELEASE.jar:/home/silvestresilva/.m2/repository/org/springframework/security/spring-security-web/5.0.7.RELEASE/spring-security-web-5.0.7.RELEASE.jar:/home/silvestresilva/.m2/repository/org/springframework/spring-expression/5.0.8.RELEASE/spring-expression-5.0.8.RELEASE.jar:/home/silvestresilva/.m2/repository/org/springframework/boot/spring-boot-starter-web/2.0.4.RELEASE/spring-boot-starter-web-2.0.4.RELEASE.jar:/home/silvestresilva/.m2/repository/org/springframework/boot/spring-boot-starter-json/2.0.4.RELEASE/spring-boot-starter-json-2.0.4.RELEASE.jar:/home/silvestresilva/.m2/repository/com/fasterxml/jackson/datatype/jackson-datatype-jdk8/2.9.6/jackson-datatype-jdk8-2.9.6.jar:/home/silvestresilva/.m2/repository/com/fasterxml/jackson/datatype/jackson-datatype-jsr310/2.9.6/jackson-datatype-jsr310-2.9.6.jar:/home/silvestresilva/.m2/repository/com/fasterxml/jackson/module/jackson-module-parameter-names/2.9.6/jackson-module-parameter-names-2.9.6.jar:/home/silvestresilva/.m2/repository/org/springframework/boot/spring-boot-starter-tomcat/2.0.4.RELEASE/spring-boot-starter-tomcat-2.0.4.RELEASE.jar:/home/silvestresilva/.m2/repository/org/apache/tomcat/embed/tomcat-embed-core/8.5.32/tomcat-embed-core-8.5.32.jar:/home/silvestresilva/.m2/repository/org/apache/tomcat/embed/tomcat-embed-el/8.5.32/tomcat-embed-el-8.5.32.jar:/home/silvestresilva/.m2/repository/org/apache/tomcat/embed/tomcat-embed-websocket/8.5.32/tomcat-embed-websocket-8.5.32.jar:/home/silvestresilva/.m2/repository/org/hibernate/validator/hibernate-validator/6.0.11.Final/hibernate-validator-6.0.11.Final.jar:/home/silvestresilva/.m2/repository/javax/validation/validation-api/2.0.1.Final/validation-api-2.0.1.Final.jar:/home/silvestresilva/.m2/repository/org/springframework/spring-web/5.0.8.RELEASE/spring-web-5.0.8.RELEASE.jar:/home/silvestresilva/.m2/repository/org/springframework/spring-webmvc/5.0.8.RELEASE/spring-webmvc-5.0.8.RELEASE.jar:/home/silvestresilva/.m2/repository/org/flywaydb/flyway-core/5.0.7/flyway-core-5.0.7.jar:/home/silvestresilva/.m2/repository/org/springframework/boot/spring-boot-devtools/2.0.4.RELEASE/spring-boot-devtools-2.0.4.RELEASE.jar:/home/silvestresilva/.m2/repository/org/springframework/boot/spring-boot/2.0.4.RELEASE/spring-boot-2.0.4.RELEASE.jar:/home/silvestresilva/.m2/repository/org/springframework/boot/spring-boot-autoconfigure/2.0.4.RELEASE/spring-boot-autoconfigure-2.0.4.RELEASE.jar:/home/silvestresilva/.m2/repository/com/h2database/h2/1.4.197/h2-1.4.197.jar:/home/silvestresilva/.m2/repository/org/postgresql/postgresql/42.2.4/postgresql-42.2.4.jar:/home/silvestresilva/.m2/repository/org/springframework/boot/spring-boot-starter-test/2.0.4.RELEASE/spring-boot-starter-test-2.0.4.RELEASE.jar:/home/silvestresilva/.m2/repository/org/springframework/boot/spring-boot-test/2.0.4.RELEASE/spring-boot-test-2.0.4.RELEASE.jar:/home/silvestresilva/.m2/repository/org/springframework/boot/spring-boot-test-autoconfigure/2.0.4.RELEASE/spring-boot-test-autoconfigure-2.0.4.RELEASE.jar:/home/silvestresilva/.m2/repository/com/jayway/jsonpath/json-path/2.4.0/json-path-2.4.0.jar:/home/silvestresilva/.m2/repository/net/minidev/json-smart/2.3/json-smart-2.3.jar:/home/silvestresilva/.m2/repository/net/minidev/accessors-smart/1.2/accessors-smart-1.2.jar:/home/silvestresilva/.m2/repository/org/ow2/asm/asm/5.0.4/asm-5.0.4.jar:/home/silvestresilva/.m2/repository/junit/junit/4.12/junit-4.12.jar:/home/silvestresilva/.m2/repository/org/assertj/assertj-core/3.9.1/assertj-core-3.9.1.jar:/home/silvestresilva/.m2/repository/org/mockito/mockito-core/2.15.0/mockito-core-2.15.0.jar:/home/silvestresilva/.m2/repository/net/bytebuddy/byte-buddy/1.7.11/byte-buddy-1.7.11.jar:/home/silvestresilva/.m2/repository/net/bytebuddy/byte-buddy-agent/1.7.11/byte-buddy-agent-1.7.11.jar:/home/silvestresilva/.m2/repository/org/objenesis/objenesis/2.6/objenesis-2.6.jar:/home/silvestresilva/.m2/repository/org/hamcrest/hamcrest-core/1.3/hamcrest-core-1.3.jar:/home/silvestresilva/.m2/repository/org/hamcrest/hamcrest-library/1.3/hamcrest-library-1.3.jar:/home/silvestresilva/.m2/repository/org/skyscreamer/jsonassert/1.5.0/jsonassert-1.5.0.jar:/home/silvestresilva/.m2/repository/com/vaadin/external/google/android-json/0.0.20131108.vaadin1/android-json-0.0.20131108.vaadin1.jar:/home/silvestresilva/.m2/repository/org/springframework/spring-core/5.0.8.RELEASE/spring-core-5.0.8.RELEASE.jar:/home/silvestresilva/.m2/repository/org/springframework/spring-jcl/5.0.8.RELEASE/spring-jcl-5.0.8.RELEASE.jar:/home/silvestresilva/.m2/repository/org/springframework/spring-test/5.0.8.RELEASE/spring-test-5.0.8.RELEASE.jar:/home/silvestresilva/.m2/repository/org/xmlunit/xmlunit-core/2.5.1/xmlunit-core-2.5.1.jar:/home/silvestresilva/.m2/repository/org/springframework/security/spring-security-test/5.0.7.RELEASE/spring-security-test-5.0.7.RELEASE.jar:/home/silvestresilva/.m2/repository/org/springframework/security/spring-security-core/5.0.7.RELEASE/spring-security-core-5.0.7.RELEASE.jar:/home/silvestresilva/.m2/repository/io/springfox/springfox-swagger2/2.6.1/springfox-swagger2-2.6.1.jar:/home/silvestresilva/.m2/repository/io/swagger/swagger-annotations/1.5.10/swagger-annotations-1.5.10.jar:/home/silvestresilva/.m2/repository/io/swagger/swagger-models/1.5.10/swagger-models-1.5.10.jar:/home/silvestresilva/.m2/repository/com/fasterxml/jackson/core/jackson-annotations/2.9.0/jackson-annotations-2.9.0.jar:/home/silvestresilva/.m2/repository/io/springfox/springfox-spi/2.6.1/springfox-spi-2.6.1.jar:/home/silvestresilva/.m2/repository/io/springfox/springfox-core/2.6.1/springfox-core-2.6.1.jar:/home/silvestresilva/.m2/repository/io/springfox/springfox-schema/2.6.1/springfox-schema-2.6.1.jar:/home/silvestresilva/.m2/repository/io/springfox/springfox-swagger-common/2.6.1/springfox-swagger-common-2.6.1.jar:/home/silvestresilva/.m2/repository/io/springfox/springfox-spring-web/2.6.1/springfox-spring-web-2.6.1.jar:/home/silvestresilva/.m2/repository/com/google/guava/guava/18.0/guava-18.0.jar:/home/silvestresilva/.m2/repository/com/fasterxml/classmate/1.3.4/classmate-1.3.4.jar:/home/silvestresilva/.m2/repository/org/slf4j/slf4j-api/1.7.25/slf4j-api-1.7.25.jar:/home/silvestresilva/.m2/repository/org/springframework/plugin/spring-plugin-core/1.2.0.RELEASE/spring-plugin-core-1.2.0.RELEASE.jar:/home/silvestresilva/.m2/repository/org/springframework/plugin/spring-plugin-metadata/1.2.0.RELEASE/spring-plugin-metadata-1.2.0.RELEASE.jar:/home/silvestresilva/.m2/repository/org/mapstruct/mapstruct/1.0.0.Final/mapstruct-1.0.0.Final.jar:/home/silvestresilva/.m2/repository/io/springfox/springfox-swagger-ui/2.6.1/springfox-swagger-ui-2.6.1.jar:/home/silvestresilva/.m2/repository/io/jsonwebtoken/jjwt/0.7.0/jjwt-0.7.0.jar:/home/silvestresilva/.m2/repository/com/fasterxml/jackson/core/jackson-databind/2.9.6/jackson-databind-2.9.6.jar:/home/silvestresilva/.m2/repository/com/fasterxml/jackson/core/jackson-core/2.9.6/jackson-core-2.9.6.jar:, user.name=silvestresilva, java.vm.specification.version=1.8, sun.java.command=/home/silvestresilva/dev/src/conexus/target/surefire/surefirebooter129213975308570038.jar /home/silvestresilva/dev/src/conexus/target/surefire 2019-11-26T01-17-13_067-jvmRun1 surefire2105077314839282904tmp surefire_02430869595337277276tmp, java.home=/usr/lib/jvm/java-8-oracle/jre, sun.arch.data.model=64, user.language=en, java.specification.vendor=Oracle Corporation, awt.toolkit=sun.awt.X11.XToolkit, java.vm.info=mixed mode, java.version=1.8.0_144, java.ext.dirs=/usr/lib/jvm/java-8-oracle/jre/lib/ext:/usr/java/packages/lib/ext, sun.boot.class.path=/usr/lib/jvm/java-8-oracle/jre/lib/resources.jar:/usr/lib/jvm/java-8-oracle/jre/lib/rt.jar:/usr/lib/jvm/java-8-oracle/jre/lib/sunrsasign.jar:/usr/lib/jvm/java-8-oracle/jre/lib/jsse.jar:/usr/lib/jvm/java-8-oracle/jre/lib/jce.jar:/usr/lib/jvm/java-8-oracle/jre/lib/charsets.jar:/usr/lib/jvm/java-8-oracle/jre/lib/jfr.jar:/usr/lib/jvm/java-8-oracle/jre/classes, java.vendor=Oracle Corporation, localRepository=/home/silvestresilva/.m2/repository, file.separator=/, java.vendor.url.bug=http://bugreport.sun.com/bugreport/, sun.io.unicode.encoding=UnicodeLittle, sun.cpu.endian=little, sun.desktop=gnome, sun.cpu.isalist=}}, SystemEnvironmentPropertySource@1491755116 {name='systemEnvironment', properties={PATH=/home/silvestresilva/.sdkman/candidates/gradle/current/bin:/usr/lib/jvm/java-8-oracle/bin:/home/silvestresilva/.nvm/versions/node/v6.9.4/bin:/usr/local/bin:/usr/bin:/bin:/usr/local/games:/usr/games:/sbin:/usr/sbin, XAUTHORITY=/home/silvestresilva/.Xauthority, SDKMAN_VERSION=5.7.3+337, XDG_DATA_DIRS=/home/silvestresilva/.local/share/flatpak/exports/share:/var/lib/flatpak/exports/share:/usr/local/share:/usr/share, GDMSESSION=deepin, TERMINATOR_DBUS_PATH=/net/tenshu/Terminator2, DBUS_SESSION_BUS_ADDRESS=unix:path=/run/user/1000/bus, XDG_CURRENT_DESKTOP=Deepin, COLORTERM=truecolor, SDKMAN_DIR=/home/silvestresilva/.sdkman, LOGNAME=silvestresilva, PWD=/home/silvestresilva/dev/src/conexus, LANGUAGE=en_US, NVM_CD_FLAGS=, SHELL=/bin/bash, QT_DBL_CLICK_DIST=15, SDKMAN_CANDIDATES_API=https://api.sdkman.io/2, GIO_LAUNCHED_DESKTOP_FILE=/usr/share/applications/terminator.desktop, OLDPWD=/home/silvestresilva/dev/src/conexus, GNOME_DESKTOP_SESSION_ID=this-is-deprecated, XDG_SESSION_PATH=/org/freedesktop/DisplayManager/Session1, M2_HOME=/opt/apache-maven-3.6.2, _JAVA_OPTIONS=  -Dawt.useSystemAAFontSettings=gasp, LS_COLORS=bd=38;5;68;1:ca=38;5;17:cd=38;5;132;1:di=38;5;105:do=38;5;127:ex=38;5;80:pi=38;5;126:fi=38;5;167:ln=38;5;63:mh=38;5;99;1:or=48;5;197;38;5;228;1:ow=38;5;220;1:sg=48;5;234;38;5;100;1:su=38;5;9;1:so=38;5;197:st=38;5;86;48;5;234:tw=48;5;235;38;5;139;3:*LS_COLORS=48;5;89;38;5;197;1;3;4;7:*.BAT=38;5;108:*.exe=38;5;196:*.PL=38;5;160:*.asm=38;5;240;1:*.awk=38;5;148;1:*.bash=38;5;173:*.bat=38;5;108:*.c=38;5;110:*.cc=38;5;24;1:*.ii=38;5;24;1:*.cfg=1:*.cl=38;5;204;1:*.coffee=38;5;100;1:*.conf=38;5;221:*.C=38;5;24;1:*.cp=38;5;24;1:*.cpp=38;5;24;1:*.cxx=38;5;24;1:*.c++=38;5;24;1:*.ii=38;5;24;1:*.cs=38;5;74;1:*.css=38;5;91:*.csv=38;5;78:*.ctp=38;5;95:*.diff=48;5;197;38;5;232:*.enc=38;5;192;3:*.eps=38;5;33;1:*.etx=38;5;172:*.ex=38;5;148;1:*.example=38;5;225;1:*.git=38;5;197:*.gitignore=38;5;240:*.go=38;5;111:*.h=38;5;81:*.H=38;5;81:*.hpp=38;5;81:*.hxx=38;5;81:*.h++=38;5;81:*.tcc=38;5;81:*.f=38;5;81:*.for=38;5;81:*.ftn=38;5;81:*.s=38;5;81:*.S=38;5;81:*.sx=38;5;81:*.hi=38;5;240:*.hs=38;5;199;1:*.htm=38;5;125;1:*.html=38;5;9;1:*.info=38;5;101:*.ini=38;5;123:*.java=38;5;142;1:*.jhtm=38;5;125;1:*.js=38;5;42:*.jsm=38;5;42:*.jsm=38;5;42:*.json=38;5;213:*.jsp=38;5;45:*.lisp=38;5;204;1:*.log=38;5;190:*.lua=38;5;34;1:*.m=38;5;130;3:*.mht=38;5;129:*.mm=38;5;130;3:*.M=38;5;130;3:*.map=38;5;58;3:*.markdown=38;5;184:*.md=38;5;184:*.mf=38;5;220;3:*.mfasl=38;5;73:*.mi=38;5;124:*.mkd=38;5;184:*.mtx=38;5;36;3:*.nfo=38;5;220:*.o=38;5;240:*.pacnew=38;5;33:*.patch=48;5;197;38;5;232;1:*.pc=38;5;100:*.pfa=38;5;43:*.pgsql=38;5;222:*.php=38;5;99:*.pl=38;5;214:*.po=38;5;176:*.pot=38;5;206;1:*.plt=38;5;204;1:*.pm=38;5;197;1:*.pod=38;5;172;1:*.py=38;5;41:*.pyc=38;5;245:*.rb=38;5;192:*.rdf=38;5;144:*.rst=38;5;67:*.ru=38;5;142:*.scm=38;5;204;1:*.sed=38;5;130;1:*.sfv=38;5;197:*.sh=38;5;113:*.signature=38;5;206:*.sql=38;5;222:*.srt=38;5;116:*.sty=38;5;58:*.sug=38;5;44:*.t=38;5;28;1:*.tcl=38;5;64;1:*.tdy=38;5;214:*.tex=38;5;172:*.textile=38;5;106:*.tfm=38;5;64:*.tfnt=38;5;140:*.theme=38;5;109:*.txt=38;5;192:*.list=38;5;44:*.save=38;5;240:*.urlview=38;5;85:*.vim=38;5;14:*.vimrc=38;5;13:*.viminfo=38;5;240;1:*.xml=38;5;199:*.yml=38;5;208:*.zsh=38;5;173:*.bashrc=38;5;5:*README=38;5;220;1:*Makefile=38;5;196:*MANIFEST=38;5;243:*pm_to_blib=38;5;240:*.1=38;5;240;1:*.2=38;5;220;1:*.3=38;5;196;1:*.7=38;5;196;1:*.1p=38;5;160:*.3p=38;5;160:*.am=38;5;242:*.in=38;5;242:*.old=38;5;242:*.out=38;5;44;1:*.bmp=38;5;33:*.cdr=38;5;33:*.gif=38;5;33:*.ico=38;5;33:*.jpeg=38;5;33:*.jpg=38;5;33:*.JPG=38;5;33:*.png=38;5;33:*.svg=38;5;33;1:*.xpm=38;5;33:*.32x=38;5;137:*.A64=38;5;82:*.a00=38;5;11:*.a52=38;5;112:*.a64=38;5;82:*.a78=38;5;112:*.adf=38;5;35:*.atr=38;5;213:*.cdi=38;5;124:*.fm2=38;5;35:*.gb=38;5;203:*.gba=38;5;205:*.gbc=38;5;204:*.gel=38;5;83:*.gg=38;5;138:*.ggl=38;5;83:*.j64=38;5;102:*.nds=38;5;199:*.nes=38;5;160:*.rom=38;5;59;1:*.sav=38;5;220:*.sms=38;5;33:*.st=38;5;208;1:*.iso=38;5;9;1:*.nrg=38;5;124:*.qcow=38;5;141:*.VOB=38;5;99:*.IFO=38;5;99:*.BUP=38;5;99:*.MOV=38;5;99:*.3gp=38;5;99:*.3g2=38;5;99:*.asf=38;5;99:*.avi=38;5;99:*.divx=38;5;99:*.f4v=38;5;99:*.flv=38;5;99:*.m2v=38;5;99:*.mkv=38;5;99:*.mov=38;5;99:*.mp4=38;5;99:*.mpg=38;5;99:*.mpeg=38;5;99:*.ogm=38;5;99:*.ogv=38;5;99:*.rmvb=38;5;99:*.sample=38;5;99;1:*.ts=38;5;99:*.vob=38;5;99:*.webm=38;5;99:*.wmv=38;5;99:*.S3M=38;5;69;1:*.aac=38;5;69:*.cue=38;5;69:*.dat=38;5;69:*.dts=38;5;69;1:*.fcm=38;5;69:*.flac=38;5;69;1:*.m3u=38;5;69:*.m3u8=38;5;69:*.m4=38;5;69;3:*.m4a=38;5;69;1:*.mid=38;5;69:*.midi=38;5;69:*.mod=38;5;69:*.mp3=38;5;69:*.oga=38;5;69:*.ogg=38;5;69:*.s3m=38;5;69;1:*.sid=38;5;69;1:*.spl=38;5;69:*.wv=38;5;69:*.wvc=38;5;69:*.ape=38;5;69:*.afm=38;5;58:*.pfb=38;5;58:*.pfm=38;5;58:*.ttf=38;5;66:*.ttc=38;5;66:*.pcf=38;5;65:*.psf=38;5;64:*.bak=38;5;222;1:*.bin=38;5;228:*.pid=38;5;228:*.state=38;5;228:*.swo=38;5;228:*.swp=38;5;228:*.tmp=38;5;228:*.un~=38;5;228:*.zcompdump=38;5;228:*.zwc=38;5;228:*.db=38;5;147:*.dump=38;5;147:*.sqlite=38;5;147:*.typelib=38;5;147:*.7z=38;5;140:*.a=38;5;220:*.apk=38;5;148;3:*.arj=38;5;220:*.bz2=38;5;220:*.deb=38;5;215;1:*.ipk=38;5;220:*.jad=38;5;220:*.jar=38;5;220:*.nth=38;5;220:*.sis=38;5;220:*.part=38;5;220;1:*.r00=38;5;220:*.r01=38;5;220:*.r02=38;5;220:*.r03=38;5;220:*.r04=38;5;220:*.r05=38;5;220:*.r06=38;5;220:*.r07=38;5;220:*.r08=38;5;220:*.r09=38;5;220:*.r10=38;5;220:*.r100=38;5;220:*.r101=38;5;220:*.r102=38;5;220:*.r103=38;5;220:*.r104=38;5;220:*.r105=38;5;220:*.r106=38;5;220:*.r107=38;5;220:*.r108=38;5;220:*.r109=38;5;220:*.r11=38;5;220:*.r110=38;5;220:*.r111=38;5;220:*.r112=38;5;220:*.r113=38;5;220:*.r114=38;5;220:*.r115=38;5;220:*.r116=38;5;220:*.r12=38;5;220:*.r13=38;5;220:*.r14=38;5;220:*.r15=38;5;220:*.r16=38;5;220:*.r17=38;5;220:*.r18=38;5;220:*.r19=38;5;220:*.r20=38;5;220:*.r21=38;5;220:*.r22=38;5;220:*.r25=38;5;220:*.r26=38;5;220:*.r27=38;5;220:*.r28=38;5;220:*.r29=38;5;220:*.r30=38;5;220:*.r31=38;5;220:*.r32=38;5;220:*.r33=38;5;220:*.r34=38;5;220:*.r35=38;5;220:*.r36=38;5;220:*.r37=38;5;220:*.r38=38;5;220:*.r39=38;5;220:*.r40=38;5;220:*.r41=38;5;220:*.r42=38;5;220:*.r43=38;5;220:*.r44=38;5;220:*.r45=38;5;220:*.r46=38;5;220:*.r47=38;5;220:*.r48=38;5;220:*.r49=38;5;220:*.r50=38;5;220:*.r51=38;5;220:*.r52=38;5;220:*.r53=38;5;220:*.r54=38;5;220:*.r99=38;5;220:*.r56=38;5;220:*.r69=38;5;220:*.r58=38;5;220:*.r59=38;5;220:*.r60=38;5;220:*.r61=38;5;220:*.r62=38;5;220:*.r63=38;5;220:*.r64=38;5;220:*.r65=38;5;220:*.r66=38;5;220:*.r67=38;5;220:*.r68=38;5;220:*.r69=38;5;220:*.r69=38;5;220:*.r70=38;5;220:*.r71=38;5;220:*.r72=38;5;220:*.r73=38;5;220:*.r74=38;5;220:*.r75=38;5;220:*.r76=38;5;220:*.r77=38;5;220:*.r78=38;5;220:*.r79=38;5;220:*.r80=38;5;220:*.r81=38;5;220:*.r82=38;5;220:*.r83=38;5;220:*.r84=38;5;220:*.r85=38;5;220:*.r86=38;5;220:*.r87=38;5;220:*.r88=38;5;220:*.r89=38;5;220:*.r90=38;5;220:*.r91=38;5;220:*.r92=38;5;220:*.r99=38;5;220:*.r94=38;5;220:*.r95=38;5;220:*.r96=38;5;220:*.r97=38;5;220:*.r98=38;5;220:*.r99=38;5;220:*.rar=38;5;217;1:*.tar=38;5;222:*.tar.gz=38;5;216:*.tgz=38;5;214;1:*.gz=38;5;224:*.xz=38;5;182:*.zip=38;5;208:*.doc=38;5;190:*.wps=38;5;190:*.docx=38;5;190:*.xls=38;5;190:*.xlsx=38;5;190:*.ppt=38;5;190:*.pptx=38;5;190:*.pdf=38;5;190:*.djvu=38;5;190:*.cbr=38;5;190:*.cbz=38;5;190:*.chm=38;5;190:*.odt=38;5;112:*.ods=38;5;112:*.odp=38;5;112:*.odb=38;5;112:*.allow=38;5;112:*.deny=38;5;203:*.SKIP=38;5;244:*.def=38;5;136:*.directory=38;5;69:*.err=38;5;160;1:*.error=38;5;160;1:*.pi=38;5;126:*.properties=38;5;197;1:*.torrent=38;5;105:*.gp3=38;5;114:*.gp4=38;5;115:*.tg=38;5;99:*.pcap=38;5;29:*.cap=38;5;29:*.dmp=38;5;29:*.service=38;5;81:*@.service=38;5;45:*.socket=38;5;75:*.device=38;5;24:*.mount=38;5;115:*.automount=38;5;114:*.swap=38;5;113:*.target=38;5;73:*.path=38;5;116:*.timer=38;5;111:*.snapshot=38;5;139:*.desktop=38;5;113:*.crdownload=38;5;38:*.crx=38;5;13:, XDG_SESSION_DESKTOP=deepin, SHLVL=1, JAVA_HOME=/usr/lib/jvm/java-8-oracle, TERM=xterm-256color, XFILESEARCHPATH=/usr/dt/app-defaults/%L/Dt, LANG=en_US.UTF-8, XDG_SEAT_PATH=/org/freedesktop/DisplayManager/Seat0, XDG_SESSION_ID=17, XDG_SESSION_TYPE=x11, GRADLE_HOME=/home/silvestresilva/.sdkman/candidates/gradle/current, DISPLAY=:0, MAVEN_CMD_LINE_ARGS= clean install, SDKMAN_CANDIDATES_DIR=/home/silvestresilva/.sdkman/candidates, _=/usr/bin/mvn, NVM_DIR=/home/silvestresilva/.nvm, XDG_GREETER_DATA_DIR=/var/lib/lightdm/data/silvestresilva, GPG_AGENT_INFO=/run/user/1000/gnupg/S.gpg-agent:0:1, MAVEN_PROJECTBASEDIR=/home/silvestresilva/dev/src/conexus, TER
[...]
2019-11-26 01:17:15.154  INFO 29683 --- [           main] trationDelegate$BeanPostProcessorChecker : Bean 'org.springframework.security.config.annotation.method.configuration.GlobalMethodSecurityConfiguration' of type [org.springframework.security.config.annotation.method.configuration.GlobalMethodSecurityConfiguration$$EnhancerBySpringCGLIB$$815aaa79] is not eligible for getting processed by all BeanPostProcessors (for example: not eligible for auto-proxying)
2019-11-26 01:17:15.164  INFO 29683 --- [           main] trationDelegate$BeanPostProcessorChecker : Bean 'methodSecurityMetadataSource' of type [org.springframework.security.access.method.DelegatingMethodSecurityMetadataSource] is not eligible for getting processed by all BeanPostProcessors (for example: not eligible for auto-proxying)
2019-11-26 01:17:15.317  INFO 29683 --- [           main] o.f.core.internal.util.VersionPrinter    : Flyway Community Edition 5.0.7 by Boxfuse
2019-11-26 01:17:15.322  INFO 29683 --- [           main] com.zaxxer.hikari.HikariDataSource       : HikariPool-1 - Starting...
2019-11-26 01:17:15.408  INFO 29683 --- [           main] com.zaxxer.hikari.HikariDataSource       : HikariPool-1 - Start completed.
2019-11-26 01:17:15.412  INFO 29683 --- [           main] o.f.c.internal.database.DatabaseFactory  : Database: jdbc:postgresql://127.0.0.1:5432/db_conexus (PostgreSQL 10.4)
2019-11-26 01:17:15.481  INFO 29683 --- [           main] o.f.core.internal.command.DbValidate     : Successfully validated 10 migrations (execution time 00:00.007s)
2019-11-26 01:17:15.488  WARN 29683 --- [           main] o.s.w.c.s.GenericWebApplicationContext   : Exception encountered during context initialization - cancelling refresh attempt: org.springframework.beans.factory.BeanCreationException: Error creating bean with name 'flywayInitializer' defined in class path resource [org/springframework/boot/autoconfigure/flyway/FlywayAutoConfiguration$FlywayConfiguration.class]: Invocation of init method failed; nested exception is org.flywaydb.core.api.FlywayException: Found non-empty schema(s) "public" without schema history table! Use baseline() or set baselineOnMigrate to true to initialize the schema history table.
2019-11-26 01:17:15.488  INFO 29683 --- [           main] com.zaxxer.hikari.HikariDataSource       : HikariPool-1 - Shutdown initiated...
2019-11-26 01:17:15.489  INFO 29683 --- [           main] com.zaxxer.hikari.HikariDataSource       : HikariPool-1 - Shutdown completed.
2019-11-26 01:17:15.496  INFO 29683 --- [           main] ConditionEvaluationReportLoggingListener : 

Error starting ApplicationContext. To display the conditions report re-run your application with 'debug' enabled.
2019-11-26 01:17:15.500 ERROR 29683 --- [           main] o.s.boot.SpringApplication               : Application run failed

org.springframework.beans.factory.BeanCreationException: Error creating bean with name 'flywayInitializer' defined in class path resource [org/springframework/boot/autoconfigure/flyway/FlywayAutoConfiguration$FlywayConfiguration.class]: Invocation of init method failed; nested exception is org.flywaydb.core.api.FlywayException: Found non-empty schema(s) "public" without schema history table! Use baseline() or set baselineOnMigrate to true to initialize the schema history table.
	at org.springframework.beans.factory.support.AbstractAutowireCapableBeanFactory.initializeBean(AbstractAutowireCapableBeanFactory.java:1699) ~[spring-beans-5.0.8.RELEASE.jar:5.0.8.RELEASE]
	at org.springframework.beans.factory.support.AbstractAutowireCapableBeanFactory.doCreateBean(AbstractAutowireCapableBeanFactory.java:573) ~[spring-beans-5.0.8.RELEASE.jar:5.0.8.RELEASE]
	at org.springframework.beans.factory.support.AbstractAutowireCapableBeanFactory.createBean(AbstractAutowireCapableBeanFactory.java:495) ~[spring-beans-5.0.8.RELEASE.jar:5.0.8.RELEASE]
	at org.springframework.beans.factory.support.AbstractBeanFactory.lambda$doGetBean$0(AbstractBeanFactory.java:317) ~[spring-beans-5.0.8.RELEASE.jar:5.0.8.RELEASE]
	at org.springframework.beans.factory.support.DefaultSingletonBeanRegistry.getSingleton(DefaultSingletonBeanRegistry.java:222) ~[spring-beans-5.0.8.RELEASE.jar:5.0.8.RELEASE]
	at org.springframework.beans.factory.support.AbstractBeanFactory.doGetBean(AbstractBeanFactory.java:315) ~[spring-beans-5.0.8.RELEASE.jar:5.0.8.RELEASE]
	at org.springframework.beans.factory.support.AbstractBeanFactory.getBean(AbstractBeanFactory.java:199) ~[spring-beans-5.0.8.RELEASE.jar:5.0.8.RELEASE]
	at org.springframework.beans.factory.support.AbstractBeanFactory.doGetBean(AbstractBeanFactory.java:304) ~[spring-beans-5.0.8.RELEASE.jar:5.0.8.RELEASE]
	at org.springframework.beans.factory.support.AbstractBeanFactory.getBean(AbstractBeanFactory.java:199) ~[spring-beans-5.0.8.RELEASE.jar:5.0.8.RELEASE]
	at org.springframework.context.support.AbstractApplicationContext.getBean(AbstractApplicationContext.java:1089) ~[spring-context-5.0.8.RELEASE.jar:5.0.8.RELEASE]
	at org.springframework.context.support.AbstractApplicationContext.finishBeanFactoryInitialization(AbstractApplicationContext.java:859) ~[spring-context-5.0.8.RELEASE.jar:5.0.8.RELEASE]
	at org.springframework.context.support.AbstractApplicationContext.refresh(AbstractApplicationContext.java:550) ~[spring-context-5.0.8.RELEASE.jar:5.0.8.RELEASE]
	at org.springframework.boot.SpringApplication.refresh(SpringApplication.java:762) ~[spring-boot-2.0.4.RELEASE.jar:2.0.4.RELEASE]
	at org.springframework.boot.SpringApplication.refreshContext(SpringApplication.java:398) ~[spring-boot-2.0.4.RELEASE.jar:2.0.4.RELEASE]
	at org.springframework.boot.SpringApplication.run(SpringApplication.java:330) ~[spring-boot-2.0.4.RELEASE.jar:2.0.4.RELEASE]
	at org.springframework.boot.test.context.SpringBootContextLoader.loadContext(SpringBootContextLoader.java:139) [spring-boot-test-2.0.4.RELEASE.jar:2.0.4.RELEASE]
	at org.springframework.test.context.cache.DefaultCacheAwareContextLoaderDelegate.loadContextInternal(DefaultCacheAwareContextLoaderDelegate.java:99) [spring-test-5.0.8.RELEASE.jar:5.0.8.RELEASE]
	at org.springframework.test.context.cache.DefaultCacheAwareContextLoaderDelegate.loadContext(DefaultCacheAwareContextLoaderDelegate.java:117) [spring-test-5.0.8.RELEASE.jar:5.0.8.RELEASE]
	at org.springframework.test.context.support.DefaultTestContext.getApplicationContext(DefaultTestContext.java:108) [spring-test-5.0.8.RELEASE.jar:5.0.8.RELEASE]
	at org.springframework.test.context.web.ServletTestExecutionListener.setUpRequestContextIfNecessary(ServletTestExecutionListener.java:190) [spring-test-5.0.8.RELEASE.jar:5.0.8.RELEASE]
	at org.springframework.test.context.web.ServletTestExecutionListener.prepareTestInstance(ServletTestExecutionListener.java:132) [spring-test-5.0.8.RELEASE.jar:5.0.8.RELEASE]
	at org.springframework.test.context.TestContextManager.prepareTestInstance(TestContextManager.java:246) [spring-test-5.0.8.RELEASE.jar:5.0.8.RELEASE]
	at org.springframework.test.context.junit4.SpringJUnit4ClassRunner.createTest(SpringJUnit4ClassRunner.java:227) [spring-test-5.0.8.RELEASE.jar:5.0.8.RELEASE]
	at org.springframework.test.context.junit4.SpringJUnit4ClassRunner$1.runReflectiveCall(SpringJUnit4ClassRunner.java:289) [spring-test-5.0.8.RELEASE.jar:5.0.8.RELEASE]
	at org.junit.internal.runners.model.ReflectiveCallable.run(ReflectiveCallable.java:12) [junit-4.12.jar:4.12]
	at org.springframework.test.context.junit4.SpringJUnit4ClassRunner.methodBlock(SpringJUnit4ClassRunner.java:291) [spring-test-5.0.8.RELEASE.jar:5.0.8.RELEASE]
	at org.springframework.test.context.junit4.SpringJUnit4ClassRunner.runChild(SpringJUnit4ClassRunner.java:246) [spring-test-5.0.8.RELEASE.jar:5.0.8.RELEASE]
	at org.springframework.test.context.junit4.SpringJUnit4ClassRunner.runChild(SpringJUnit4ClassRunner.java:97) [spring-test-5.0.8.RELEASE.jar:5.0.8.RELEASE]
	at org.junit.runners.ParentRunner$3.run(ParentRunner.java:290) [junit-4.12.jar:4.12]
	at org.junit.runners.ParentRunner$1.schedule(ParentRunner.java:71) [junit-4.12.jar:4.12]
	at org.junit.runners.ParentRunner.runChildren(ParentRunner.java:288) [junit-4.12.jar:4.12]
	at org.junit.runners.ParentRunner.access$000(ParentRunner.java:58) [junit-4.12.jar:4.12]
	at org.junit.runners.ParentRunner$2.evaluate(ParentRunner.java:268) [junit-4.12.jar:4.12]
	at org.springframework.test.context.junit4.statements.RunBeforeTestClassCallbacks.evaluate(RunBeforeTestClassCallbacks.java:61) [spring-test-5.0.8.RELEASE.jar:5.0.8.RELEASE]
	at org.springframework.test.context.junit4.statements.RunAfterTestClassCallbacks.evaluate(RunAfterTestClassCallbacks.java:70) [spring-test-5.0.8.RELEASE.jar:5.0.8.RELEASE]
	at org.junit.runners.ParentRunner.run(ParentRunner.java:363) [junit-4.12.jar:4.12]
	at org.springframework.test.context.junit4.SpringJUnit4ClassRunner.run(SpringJUnit4ClassRunner.java:190) [spring-test-5.0.8.RELEASE.jar:5.0.8.RELEASE]
	at org.apache.maven.surefire.junit4.JUnit4Provider.execute(JUnit4Provider.java:365) [surefire-junit4-2.21.0.jar:2.21.0]
	at org.apache.maven.surefire.junit4.JUnit4Provider.executeWithRerun(JUnit4Provider.java:273) [surefire-junit4-2.21.0.jar:2.21.0]
	at org.apache.maven.surefire.junit4.JUnit4Provider.executeTestSet(JUnit4Provider.java:238) [surefire-junit4-2.21.0.jar:2.21.0]
	at org.apache.maven.surefire.junit4.JUnit4Provider.invoke(JUnit4Provider.java:159) [surefire-junit4-2.21.0.jar:2.21.0]
	at org.apache.maven.surefire.booter.ForkedBooter.invokeProviderInSameClassLoader(ForkedBooter.java:379) [surefire-booter-2.21.0.jar:2.21.0]
	at org.apache.maven.surefire.booter.ForkedBooter.runSuitesInProcess(ForkedBooter.java:340) [surefire-booter-2.21.0.jar:2.21.0]
	at org.apache.maven.surefire.booter.ForkedBooter.execute(ForkedBooter.java:125) [surefire-booter-2.21.0.jar:2.21.0]
	at org.apache.maven.surefire.booter.ForkedBooter.main(ForkedBooter.java:413) [surefire-booter-2.21.0.jar:2.21.0]
Caused by: org.flywaydb.core.api.FlywayException: Found non-empty schema(s) "public" without schema history table! Use baseline() or set baselineOnMigrate to true to initialize the schema history table.
	at org.flywaydb.core.Flyway$1.execute(Flyway.java:1197) ~[flyway-core-5.0.7.jar:na]
	at org.flywaydb.core.Flyway$1.execute(Flyway.java:1168) ~[flyway-core-5.0.7.jar:na]
	at org.flywaydb.core.Flyway.execute(Flyway.java:1655) ~[flyway-core-5.0.7.jar:na]
	at org.flywaydb.core.Flyway.migrate(Flyway.java:1168) ~[flyway-core-5.0.7.jar:na]
	at org.springframework.boot.autoconfigure.flyway.FlywayMigrationInitializer.afterPropertiesSet(FlywayMigrationInitializer.java:66) ~[spring-boot-autoconfigure-2.0.4.RELEASE.jar:2.0.4.RELEASE]
	at org.springframework.beans.factory.support.AbstractAutowireCapableBeanFactory.invokeInitMethods(AbstractAutowireCapableBeanFactory.java:1758) ~[spring-beans-5.0.8.RELEASE.jar:5.0.8.RELEASE]
	at org.springframework.beans.factory.support.AbstractAutowireCapableBeanFactory.initializeBean(AbstractAutowireCapableBeanFactory.java:1695) ~[spring-beans-5.0.8.RELEASE.jar:5.0.8.RELEASE]
	... 44 common frames omitted

2019-11-26 01:17:15.502 ERROR 29683 --- [           main] o.s.test.context.TestContextManager      : Caught exception while allowing TestExecutionListener [org.springframework.test.context.web.ServletTestExecutionListener@662ac478] to prepare test instance [br.pucminas.api.SicadeApplicationTests@984169e]

java.lang.IllegalStateException: Failed to load ApplicationContext
	at org.springframework.test.context.cache.DefaultCacheAwareContextLoaderDelegate.loadContext(DefaultCacheAwareContextLoaderDelegate.java:125) ~[spring-test-5.0.8.RELEASE.jar:5.0.8.RELEASE]
	at org.springframework.test.context.support.DefaultTestContext.getApplicationContext(DefaultTestContext.java:108) ~[spring-test-5.0.8.RELEASE.jar:5.0.8.RELEASE]
	at org.springframework.test.context.web.ServletTestExecutionListener.setUpRequestContextIfNecessary(ServletTestExecutionListener.java:190) ~[spring-test-5.0.8.RELEASE.jar:5.0.8.RELEASE]
	at org.springframework.test.context.web.ServletTestExecutionListener.prepareTestInstance(ServletTestExecutionListener.java:132) ~[spring-test-5.0.8.RELEASE.jar:5.0.8.RELEASE]
	at org.springframework.test.context.TestContextManager.prepareTestInstance(TestContextManager.java:246) ~[spring-test-5.0.8.RELEASE.jar:5.0.8.RELEASE]
	at org.springframework.test.context.junit4.SpringJUnit4ClassRunner.createTest(SpringJUnit4ClassRunner.java:227) [spring-test-5.0.8.RELEASE.jar:5.0.8.RELEASE]
	at org.springframework.test.context.junit4.SpringJUnit4ClassRunner$1.runReflectiveCall(SpringJUnit4ClassRunner.java:289) [spring-test-5.0.8.RELEASE.jar:5.0.8.RELEASE]
	at org.junit.internal.runners.model.ReflectiveCallable.run(ReflectiveCallable.java:12) [junit-4.12.jar:4.12]
	at org.springframework.test.context.junit4.SpringJUnit4ClassRunner.methodBlock(SpringJUnit4ClassRunner.java:291) [spring-test-5.0.8.RELEASE.jar:5.0.8.RELEASE]
	at org.springframework.test.context.junit4.SpringJUnit4ClassRunner.runChild(SpringJUnit4ClassRunner.java:246) [spring-test-5.0.8.RELEASE.jar:5.0.8.RELEASE]
	at org.springframework.test.context.junit4.SpringJUnit4ClassRunner.runChild(SpringJUnit4ClassRunner.java:97) [spring-test-5.0.8.RELEASE.jar:5.0.8.RELEASE]
	at org.junit.runners.ParentRunner$3.run(ParentRunner.java:290) [junit-4.12.jar:4.12]
	at org.junit.runners.ParentRunner$1.schedule(ParentRunner.java:71) [junit-4.12.jar:4.12]
	at org.junit.runners.ParentRunner.runChildren(ParentRunner.java:288) [junit-4.12.jar:4.12]
	at org.junit.runners.ParentRunner.access$000(ParentRunner.java:58) [junit-4.12.jar:4.12]
	at org.junit.runners.ParentRunner$2.evaluate(ParentRunner.java:268) [junit-4.12.jar:4.12]
	at org.springframework.test.context.junit4.statements.RunBeforeTestClassCallbacks.evaluate(RunBeforeTestClassCallbacks.java:61) [spring-test-5.0.8.RELEASE.jar:5.0.8.RELEASE]
	at org.springframework.test.context.junit4.statements.RunAfterTestClassCallbacks.evaluate(RunAfterTestClassCallbacks.java:70) [spring-test-5.0.8.RELEASE.jar:5.0.8.RELEASE]
	at org.junit.runners.ParentRunner.run(ParentRunner.java:363) [junit-4.12.jar:4.12]
	at org.springframework.test.context.junit4.SpringJUnit4ClassRunner.run(SpringJUnit4ClassRunner.java:190) [spring-test-5.0.8.RELEASE.jar:5.0.8.RELEASE]
	at org.apache.maven.surefire.junit4.JUnit4Provider.execute(JUnit4Provider.java:365) [surefire-junit4-2.21.0.jar:2.21.0]
	at org.apache.maven.surefire.junit4.JUnit4Provider.executeWithRerun(JUnit4Provider.java:273) [surefire-junit4-2.21.0.jar:2.21.0]
	at org.apache.maven.surefire.junit4.JUnit4Provider.executeTestSet(JUnit4Provider.java:238) [surefire-junit4-2.21.0.jar:2.21.0]
	at org.apache.maven.surefire.junit4.JUnit4Provider.invoke(JUnit4Provider.java:159) [surefire-junit4-2.21.0.jar:2.21.0]
	at org.apache.maven.surefire.booter.ForkedBooter.invokeProviderInSameClassLoader(ForkedBooter.java:379) [surefire-booter-2.21.0.jar:2.21.0]
	at org.apache.maven.surefire.booter.ForkedBooter.runSuitesInProcess(ForkedBooter.java:340) [surefire-booter-2.21.0.jar:2.21.0]
	at org.apache.maven.surefire.booter.ForkedBooter.execute(ForkedBooter.java:125) [surefire-booter-2.21.0.jar:2.21.0]
	at org.apache.maven.surefire.booter.ForkedBooter.main(ForkedBooter.java:413) [surefire-booter-2.21.0.jar:2.21.0]
Caused by: org.springframework.beans.factory.BeanCreationException: Error creating bean with name 'flywayInitializer' defined in class path resource [org/springframework/boot/autoconfigure/flyway/FlywayAutoConfiguration$FlywayConfiguration.class]: Invocation of init method failed; nested exception is org.flywaydb.core.api.FlywayException: Found non-empty schema(s) "public" without schema history table! Use baseline() or set baselineOnMigrate to true to initialize the schema history table.
	at org.springframework.beans.factory.support.AbstractAutowireCapableBeanFactory.initializeBean(AbstractAutowireCapableBeanFactory.java:1699) ~[spring-beans-5.0.8.RELEASE.jar:5.0.8.RELEASE]
	at org.springframework.beans.factory.support.AbstractAutowireCapableBeanFactory.doCreateBean(AbstractAutowireCapableBeanFactory.java:573) ~[spring-beans-5.0.8.RELEASE.jar:5.0.8.RELEASE]
	at org.springframework.beans.factory.support.AbstractAutowireCapableBeanFactory.createBean(AbstractAutowireCapableBeanFactory.java:495) ~[spring-beans-5.0.8.RELEASE.jar:5.0.8.RELEASE]
	at org.springframework.beans.factory.support.AbstractBeanFactory.lambda$doGetBean$0(AbstractBeanFactory.java:317) ~[spring-beans-5.0.8.RELEASE.jar:5.0.8.RELEASE]
	at org.springframework.beans.factory.support.DefaultSingletonBeanRegistry.getSingleton(DefaultSingletonBeanRegistry.java:222) ~[spring-beans-5.0.8.RELEASE.jar:5.0.8.RELEASE]
	at org.springframework.beans.factory.support.AbstractBeanFactory.doGetBean(AbstractBeanFactory.java:315) ~[spring-beans-5.0.8.RELEASE.jar:5.0.8.RELEASE]
	at org.springframework.beans.factory.support.AbstractBeanFactory.getBean(AbstractBeanFactory.java:199) ~[spring-beans-5.0.8.RELEASE.jar:5.0.8.RELEASE]
	at org.springframework.beans.factory.support.AbstractBeanFactory.doGetBean(AbstractBeanFactory.java:304) ~[spring-beans-5.0.8.RELEASE.jar:5.0.8.RELEASE]
	at org.springframework.beans.factory.support.AbstractBeanFactory.getBean(AbstractBeanFactory.java:199) ~[spring-beans-5.0.8.RELEASE.jar:5.0.8.RELEASE]
	at org.springframework.context.support.AbstractApplicationContext.getBean(AbstractApplicationContext.java:1089) ~[spring-context-5.0.8.RELEASE.jar:5.0.8.RELEASE]
	at org.springframework.context.support.AbstractApplicationContext.finishBeanFactoryInitialization(AbstractApplicationContext.java:859) ~[spring-context-5.0.8.RELEASE.jar:5.0.8.RELEASE]
	at org.springframework.context.support.AbstractApplicationContext.refresh(AbstractApplicationContext.java:550) ~[spring-context-5.0.8.RELEASE.jar:5.0.8.RELEASE]
	at org.springframework.boot.SpringApplication.refresh(SpringApplication.java:762) ~[spring-boot-2.0.4.RELEASE.jar:2.0.4.RELEASE]
	at org.springframework.boot.SpringApplication.refreshContext(SpringApplication.java:398) ~[spring-boot-2.0.4.RELEASE.jar:2.0.4.RELEASE]
	at org.springframework.boot.SpringApplication.run(SpringApplication.java:330) ~[spring-boot-2.0.4.RELEASE.jar:2.0.4.RELEASE]
	at org.springframework.boot.test.context.SpringBootContextLoader.loadContext(SpringBootContextLoader.java:139) ~[spring-boot-test-2.0.4.RELEASE.jar:2.0.4.RELEASE]
	at org.springframework.test.context.cache.DefaultCacheAwareContextLoaderDelegate.loadContextInternal(DefaultCacheAwareContextLoaderDelegate.java:99) ~[spring-test-5.0.8.RELEASE.jar:5.0.8.RELEASE]
	at org.springframework.test.context.cache.DefaultCacheAwareContextLoaderDelegate.loadContext(DefaultCacheAwareContextLoaderDelegate.java:117) ~[spring-test-5.0.8.RELEASE.jar:5.0.8.RELEASE]
	... 27 common frames omitted
Caused by: org.flywaydb.core.api.FlywayException: Found non-empty schema(s) "public" without schema history table! Use baseline() or set baselineOnMigrate to true to initialize the schema history table.
	at org.flywaydb.core.Flyway$1.execute(Flyway.java:1197) ~[flyway-core-5.0.7.jar:na]
	at org.flywaydb.core.Flyway$1.execute(Flyway.java:1168) ~[flyway-core-5.0.7.jar:na]
	at org.flywaydb.core.Flyway.execute(Flyway.java:1655) ~[flyway-core-5.0.7.jar:na]
	at org.flywaydb.core.Flyway.migrate(Flyway.java:1168) ~[flyway-core-5.0.7.jar:na]
	at org.springframework.boot.autoconfigure.flyway.FlywayMigrationInitializer.afterPropertiesSet(FlywayMigrationInitializer.java:66) ~[spring-boot-autoconfigure-2.0.4.RELEASE.jar:2.0.4.RELEASE]
	at org.springframework.beans.factory.support.AbstractAutowireCapableBeanFactory.invokeInitMethods(AbstractAutowireCapableBeanFactory.java:1758) ~[spring-beans-5.0.8.RELEASE.jar:5.0.8.RELEASE]
	at org.springframework.beans.factory.support.AbstractAutowireCapableBeanFactory.initializeBean(AbstractAutowireCapableBeanFactory.java:1695) ~[spring-beans-5.0.8.RELEASE.jar:5.0.8.RELEASE]
	... 44 common frames omitted

]]></system-out>
  </testcase>
</testsuite>